<?xml version="1.0" encoding="UTF-8"?>
<testsuite xmlns:xsi="http://www.w3.org/2001/XMLSchema-instance" xsi:noNamespaceSchemaLocation="https://maven.apache.org/surefire/maven-surefire-plugin/xsd/surefire-test-report.xsd" version="3.0.2" name="LoginTest" time="25.555" tests="4" errors="0" skipped="0" failures="0">
  <properties>
[...]
</properties>
  <testcase name="loginTest[0]" classname="LoginTest" time="6.538">
    <system-out><![CDATA[14:14:18.914 [main] DEBUG org.apache.http.impl.conn.BasicClientConnectionManager -- Get connection for route {s}->https://stellarburgers.nomoreparties.site:443
14:14:18.915 [main] DEBUG org.apache.http.impl.conn.DefaultClientConnectionOperator -- Connecting to stellarburgers.nomoreparties.site:443
14:14:19.773 [main] DEBUG org.apache.http.client.protocol.RequestAddCookies -- CookieSpec selected: ignoreCookies
14:14:19.773 [main] DEBUG org.apache.http.client.protocol.RequestAuthCache -- Auth cache not set in the context
14:14:19.773 [main] DEBUG org.apache.http.client.protocol.RequestTargetAuthentication -- Target auth state: UNCHALLENGED
14:14:19.773 [main] DEBUG org.apache.http.client.protocol.RequestProxyAuthentication -- Proxy auth state: UNCHALLENGED
14:14:19.773 [main] DEBUG org.apache.http.impl.client.DefaultHttpClient -- Attempt 1 to execute request
14:14:19.773 [main] DEBUG org.apache.http.impl.conn.DefaultClientConnection -- Sending request: POST /api/auth/register HTTP/1.1
14:14:19.773 [main] DEBUG org.apache.http.wire --  >> "POST /api/auth/register HTTP/1.1[\r][\n]"
14:14:19.773 [main] DEBUG org.apache.http.wire --  >> "Accept: */*[\r][\n]"
14:14:19.773 [main] DEBUG org.apache.http.wire --  >> "Content-Type: application/json[\r][\n]"
14:14:19.773 [main] DEBUG org.apache.http.wire --  >> "Content-Length: 67[\r][\n]"
14:14:19.773 [main] DEBUG org.apache.http.wire --  >> "Host: stellarburgers.nomoreparties.site[\r][\n]"
14:14:19.774 [main] DEBUG org.apache.http.wire --  >> "Connection: Keep-Alive[\r][\n]"
14:14:19.774 [main] DEBUG org.apache.http.wire --  >> "User-Agent: Apache-HttpClient/4.5.13 (Java/22.0.1)[\r][\n]"
14:14:19.774 [main] DEBUG org.apache.http.wire --  >> "Accept-Encoding: gzip,deflate[\r][\n]"
14:14:19.774 [main] DEBUG org.apache.http.wire --  >> "[\r][\n]"
14:14:19.774 [main] DEBUG org.apache.http.headers -- >> POST /api/auth/register HTTP/1.1
14:14:19.774 [main] DEBUG org.apache.http.headers -- >> Accept: */*
14:14:19.774 [main] DEBUG org.apache.http.headers -- >> Content-Type: application/json
14:14:19.774 [main] DEBUG org.apache.http.headers -- >> Content-Length: 67
14:14:19.774 [main] DEBUG org.apache.http.headers -- >> Host: stellarburgers.nomoreparties.site
14:14:19.774 [main] DEBUG org.apache.http.headers -- >> Connection: Keep-Alive
14:14:19.774 [main] DEBUG org.apache.http.headers -- >> User-Agent: Apache-HttpClient/4.5.13 (Java/22.0.1)
14:14:19.774 [main] DEBUG org.apache.http.headers -- >> Accept-Encoding: gzip,deflate
14:14:19.774 [main] DEBUG org.apache.http.wire --  >> "{"name":"eQWxGnyRFi","email":"xliix@gpri.ru","password":"248ifbft"}"
14:14:20.075 [main] DEBUG org.apache.http.wire --  << "HTTP/1.1 200 OK[\r][\n]"
14:14:20.075 [main] DEBUG org.apache.http.wire --  << "Date: Wed, 28 Aug 2024 11:14:20 GMT[\r][\n]"
14:14:20.075 [main] DEBUG org.apache.http.wire --  << "Content-Type: application/json; charset=utf-8[\r][\n]"
14:14:20.075 [main] DEBUG org.apache.http.wire --  << "Transfer-Encoding: chunked[\r][\n]"
14:14:20.075 [main] DEBUG org.apache.http.wire --  << "Connection: keep-alive[\r][\n]"
14:14:20.075 [main] DEBUG org.apache.http.wire --  << "X-Powered-By: Express[\r][\n]"
14:14:20.075 [main] DEBUG org.apache.http.wire --  << "Access-Control-Allow-Origin: *[\r][\n]"
14:14:20.075 [main] DEBUG org.apache.http.wire --  << "authorization: Bearer eyJhbGciOiJIUzI1NiIsInR5cCI6IkpXVCJ9.eyJpZCI6IjY2Y2YwNjhjOWVkMjgwMDAxYjRhMjg1ZCIsImlhdCI6MTcyNDg0MzY2MCwiZXhwIjoxNzI0ODQ0ODYwfQ.TKjUlvZ9-UuOReTxeNe-l8yPFyf6c51a9R56vDeH0qE[\r][\n]"
14:14:20.075 [main] DEBUG org.apache.http.wire --  << "ETag: W/"16a-7V/m+udv8bIsIpAMyicqnum5Mx8"[\r][\n]"
14:14:20.075 [main] DEBUG org.apache.http.wire --  << "CF-Cache-Status: DYNAMIC[\r][\n]"
14:14:20.075 [main] DEBUG org.apache.http.wire --  << "Report-To: {"endpoints":[{"url":"https:\/\/a.nel.cloudflare.com\/report\/v4?s=y3P8U0kJZ4qJwVm9WqWFB7rYEuYQXyz1K06YtJwtOSPS5z5wDO7kf%2BGoFU%2FFzL34Gpx8Nv7QC4m69jcqLevBiZ13Cx8pZgprN%2BERrFgOeVvWEXPkLutZwvjmoM%2FTWpfUoXJVPXjZXCfclWXK2nlL409tqyA%3D"}],"group":"cf-nel","max_age":604800}[\r][\n]"
14:14:20.075 [main] DEBUG org.apache.http.wire --  << "NEL: {"success_fraction":0,"report_to":"cf-nel","max_age":604800}[\r][\n]"
14:14:20.075 [main] DEBUG org.apache.http.wire --  << "Server: cloudflare[\r][\n]"
14:14:20.075 [main] DEBUG org.apache.http.wire --  << "CF-RAY: 8ba3e08d6d2b2bc2-FRA[\r][\n]"
14:14:20.075 [main] DEBUG org.apache.http.wire --  << "Content-Encoding: gzip[\r][\n]"
14:14:20.075 [main] DEBUG org.apache.http.wire --  << "alt-svc: h3=":443"; ma=86400[\r][\n]"
14:14:20.075 [main] DEBUG org.apache.http.wire --  << "[\r][\n]"
14:14:20.075 [main] DEBUG org.apache.http.impl.conn.DefaultClientConnection -- Receiving response: HTTP/1.1 200 OK
14:14:20.075 [main] DEBUG org.apache.http.headers -- << HTTP/1.1 200 OK
14:14:20.075 [main] DEBUG org.apache.http.headers -- << Date: Wed, 28 Aug 2024 11:14:20 GMT
14:14:20.075 [main] DEBUG org.apache.http.headers -- << Content-Type: application/json; charset=utf-8
14:14:20.075 [main] DEBUG org.apache.http.headers -- << Transfer-Encoding: chunked
14:14:20.075 [main] DEBUG org.apache.http.headers -- << Connection: keep-alive
14:14:20.075 [main] DEBUG org.apache.http.headers -- << X-Powered-By: Express
14:14:20.075 [main] DEBUG org.apache.http.headers -- << Access-Control-Allow-Origin: *
14:14:20.075 [main] DEBUG org.apache.http.headers -- << authorization: Bearer eyJhbGciOiJIUzI1NiIsInR5cCI6IkpXVCJ9.eyJpZCI6IjY2Y2YwNjhjOWVkMjgwMDAxYjRhMjg1ZCIsImlhdCI6MTcyNDg0MzY2MCwiZXhwIjoxNzI0ODQ0ODYwfQ.TKjUlvZ9-UuOReTxeNe-l8yPFyf6c51a9R56vDeH0qE
14:14:20.075 [main] DEBUG org.apache.http.headers -- << ETag: W/"16a-7V/m+udv8bIsIpAMyicqnum5Mx8"
14:14:20.075 [main] DEBUG org.apache.http.headers -- << CF-Cache-Status: DYNAMIC
14:14:20.075 [main] DEBUG org.apache.http.headers -- << Report-To: {"endpoints":[{"url":"https:\/\/a.nel.cloudflare.com\/report\/v4?s=y3P8U0kJZ4qJwVm9WqWFB7rYEuYQXyz1K06YtJwtOSPS5z5wDO7kf%2BGoFU%2FFzL34Gpx8Nv7QC4m69jcqLevBiZ13Cx8pZgprN%2BERrFgOeVvWEXPkLutZwvjmoM%2FTWpfUoXJVPXjZXCfclWXK2nlL409tqyA%3D"}],"group":"cf-nel","max_age":604800}
14:14:20.075 [main] DEBUG org.apache.http.headers -- << NEL: {"success_fraction":0,"report_to":"cf-nel","max_age":604800}
14:14:20.075 [main] DEBUG org.apache.http.headers -- << Server: cloudflare
14:14:20.075 [main] DEBUG org.apache.http.headers -- << CF-RAY: 8ba3e08d6d2b2bc2-FRA
14:14:20.075 [main] DEBUG org.apache.http.headers -- << Content-Encoding: gzip
14:14:20.075 [main] DEBUG org.apache.http.headers -- << alt-svc: h3=":443"; ma=86400
14:14:20.076 [main] DEBUG org.apache.http.impl.client.DefaultHttpClient -- Connection can be kept alive indefinitely
14:14:20.076 [main] DEBUG io.restassured.internal.RestAssuredHttpBuilder -- Parsing response as: application/json; charset=utf-8
14:14:20.076 [main] DEBUG org.apache.http.wire --  << "146[\r][\n]"
14:14:20.076 [main] DEBUG org.apache.http.wire --  << "[0x1f][0x8b][0x8][0x0][0x0][0x0][0x0][0x0][0x0][0x3]4[0xcf][0xcb]n[0x82]@[0x14][0x80][0xe1]Wi[0xce]Z[0xcd][0x80][0xcc]0[0xb0]j[0xb][0xd5][0x8e][\r]P[0x89]7[0xd8][0xc1]p[0x90]A[0xbc][0x14][0x8a][0x80][0xc6]wo[0xda][0xa4][0xdb][0xf1]%[0xff][0x1d][0x9a]VJl[0x1a][0xb0][0xbf][0xeb][0x16]G[0xd0]6X[0x83]}[0x7]<&[0xaa][0x2][0x1b][0xfa]J[0xa9][0xfe]y[0xa9][0xd5][0xa4]na[0x4][0xa7][0xe4][0x88]`[0x3].[0xb7][0xfd][0xfc]4[0x84]3[0x5][0x8f][0x11]$[0xc4][0xea]|[0xc0][0x13][0xd8][0xf0][0x8a]I[0x8d][0xf5][0x13][0xe][0x8b]"[0x9d]K[0x15][0xa8][0x85]X[0xdf][0x84][0xe6]+[0xd1][0x88]SH[0xa5]#[0x98]8\v[0x1b]gaMpX\[0xe2][0xdf]PFz[0xa4]G[0x9d]_[0x16]e[0xb0][0xdd][0x1c][0xbc]r[0xdf]y[0xee]K[0x1f][0x95]a[0xe1][0x95]{-vD#[0x8e]U[0x91]9[0x82]y+9[0xf8][0xee][0x9e]x[0xb7]H[0xf7][0x9c]N[0xc5][0xbb][0xa2][0x13][0xe5][0xb9][0xf7]o[0x82][0x4][0xee][0x92][0x4]n[0xd4][0xe5][0xcb][0xc9][0xea][0xa3]\W[0xd7][0xd8][0x1a][0xaf][0xdb] [0xc4]U[0x8f]>[0x8e]+>|[0xce][0x86][0x9c]I[0xaa]%VH[0xd9][0xd5][0xc5]w[0xf2][0xf5][0x6]#[0xa8]1[0xaf][0xb1])[0xfe][0x1f]R[0xce]s[0xc6]3b[0x10][0xce]5[0x8b][0x18]2[0xd5]5j[0x10][0x13][0xa9]1[0xd5],i[0x90])[0x99][0xe6][0xcc][0xca]h[0x92][0xe7]L[0xe3]T#f[0x8a][0xa6]%[0x9][0xcd]HjNS[0x93]'L[0x12][0x8e]Vn0D[0xaa][0xc3][0xe3][0x7][0x0][0x0][0xff][0xff][0x3][0x0]+[0xe2][\r][0x9a]j[0x1][0x0][0x0]"
14:14:20.076 [main] DEBUG org.apache.http.wire --  << "[\r][\n]"
14:14:20.076 [main] DEBUG org.apache.http.wire --  << "0[\r][\n]"
14:14:20.076 [main] DEBUG org.apache.http.wire --  << "[\r][\n]"
14:14:20.076 [main] DEBUG io.restassured.internal.RestAssuredHttpBuilder -- Parsed data to instance of: class org.apache.http.conn.EofSensorInputStream
14:14:21.114 [main] DEBUG org.apache.http.impl.conn.BasicClientConnectionManager -- Get connection for route {s}->https://stellarburgers.nomoreparties.site:443
14:14:21.114 [main] DEBUG org.apache.http.impl.conn.DefaultClientConnectionOperator -- Connecting to stellarburgers.nomoreparties.site:443
14:14:21.228 [main] DEBUG org.apache.http.client.protocol.RequestAddCookies -- CookieSpec selected: ignoreCookies
14:14:21.228 [main] DEBUG org.apache.http.client.protocol.RequestAuthCache -- Auth cache not set in the context
14:14:21.228 [main] DEBUG org.apache.http.client.protocol.RequestTargetAuthentication -- Target auth state: UNCHALLENGED
14:14:21.228 [main] DEBUG org.apache.http.client.protocol.RequestProxyAuthentication -- Proxy auth state: UNCHALLENGED
14:14:21.228 [main] DEBUG org.apache.http.impl.client.DefaultHttpClient -- Attempt 1 to execute request
14:14:21.228 [main] DEBUG org.apache.http.impl.conn.DefaultClientConnection -- Sending request: POST /api/auth/login HTTP/1.1
14:14:21.228 [main] DEBUG org.apache.http.wire --  >> "POST /api/auth/login HTTP/1.1[\r][\n]"
14:14:21.228 [main] DEBUG org.apache.http.wire --  >> "Accept: */*[\r][\n]"
14:14:21.228 [main] DEBUG org.apache.http.wire --  >> "Content-Type: application/json[\r][\n]"
14:14:21.228 [main] DEBUG org.apache.http.wire --  >> "Content-Length: 67[\r][\n]"
14:14:21.228 [main] DEBUG org.apache.http.wire --  >> "Host: stellarburgers.nomoreparties.site[\r][\n]"
14:14:21.228 [main] DEBUG org.apache.http.wire --  >> "Connection: Keep-Alive[\r][\n]"
14:14:21.228 [main] DEBUG org.apache.http.wire --  >> "User-Agent: Apache-HttpClient/4.5.13 (Java/22.0.1)[\r][\n]"
14:14:21.228 [main] DEBUG org.apache.http.wire --  >> "Accept-Encoding: gzip,deflate[\r][\n]"
14:14:21.228 [main] DEBUG org.apache.http.wire --  >> "[\r][\n]"
14:14:21.228 [main] DEBUG org.apache.http.headers -- >> POST /api/auth/login HTTP/1.1
14:14:21.228 [main] DEBUG org.apache.http.headers -- >> Accept: */*
14:14:21.228 [main] DEBUG org.apache.http.headers -- >> Content-Type: application/json
14:14:21.228 [main] DEBUG org.apache.http.headers -- >> Content-Length: 67
14:14:21.228 [main] DEBUG org.apache.http.headers -- >> Host: stellarburgers.nomoreparties.site
14:14:21.228 [main] DEBUG org.apache.http.headers -- >> Connection: Keep-Alive
14:14:21.228 [main] DEBUG org.apache.http.headers -- >> User-Agent: Apache-HttpClient/4.5.13 (Java/22.0.1)
14:14:21.228 [main] DEBUG org.apache.http.headers -- >> Accept-Encoding: gzip,deflate
14:14:21.228 [main] DEBUG org.apache.http.wire --  >> "{"name":"eQWxGnyRFi","email":"xliix@gpri.ru","password":"248ifbft"}"
14:14:21.423 [main] DEBUG org.apache.http.wire --  << "HTTP/1.1 200 OK[\r][\n]"
14:14:21.423 [main] DEBUG org.apache.http.wire --  << "Date: Wed, 28 Aug 2024 11:14:21 GMT[\r][\n]"
14:14:21.423 [main] DEBUG org.apache.http.wire --  << "Content-Type: application/json; charset=utf-8[\r][\n]"
14:14:21.423 [main] DEBUG org.apache.http.wire --  << "Transfer-Encoding: chunked[\r][\n]"
14:14:21.423 [main] DEBUG org.apache.http.wire --  << "Connection: keep-alive[\r][\n]"
14:14:21.423 [main] DEBUG org.apache.http.wire --  << "X-Powered-By: Express[\r][\n]"
14:14:21.423 [main] DEBUG org.apache.http.wire --  << "Access-Control-Allow-Origin: *[\r][\n]"
14:14:21.423 [main] DEBUG org.apache.http.wire --  << "ETag: W/"16a-lOIHmr90zOe6yMsIQuwx+y4bnJ4"[\r][\n]"
14:14:21.423 [main] DEBUG org.apache.http.wire --  << "CF-Cache-Status: DYNAMIC[\r][\n]"
14:14:21.423 [main] DEBUG org.apache.http.wire --  << "Report-To: {"endpoints":[{"url":"https:\/\/a.nel.cloudflare.com\/report\/v4?s=m00WQoc2NBfCWGuBEzlRBSRmySzQ0RhQT7YynPytRtCB95yKwdGXxqSqSlXa%2BdbgLUoDUWTkoG6wLYUCY04%2BCZ2kITCSisj0SphS7wcT1eEg6FFju3WxoNcbr9805lRgPYoNeH%2F9M%2BvUUpCOPbRjxeMvzwg%3D"}],"group":"cf-nel","max_age":604800}[\r][\n]"
14:14:21.423 [main] DEBUG org.apache.http.wire --  << "NEL: {"success_fraction":0,"report_to":"cf-nel","max_age":604800}[\r][\n]"
14:14:21.423 [main] DEBUG org.apache.http.wire --  << "Server: cloudflare[\r][\n]"
14:14:21.423 [main] DEBUG org.apache.http.wire --  << "CF-RAY: 8ba3e096294b9f9f-AMS[\r][\n]"
14:14:21.423 [main] DEBUG org.apache.http.wire --  << "Content-Encoding: gzip[\r][\n]"
14:14:21.423 [main] DEBUG org.apache.http.wire --  << "alt-svc: h3=":443"; ma=86400[\r][\n]"
14:14:21.423 [main] DEBUG org.apache.http.wire --  << "[\r][\n]"
14:14:21.423 [main] DEBUG org.apache.http.impl.conn.DefaultClientConnection -- Receiving response: HTTP/1.1 200 OK
14:14:21.423 [main] DEBUG org.apache.http.headers -- << HTTP/1.1 200 OK
14:14:21.423 [main] DEBUG org.apache.http.headers -- << Date: Wed, 28 Aug 2024 11:14:21 GMT
14:14:21.423 [main] DEBUG org.apache.http.headers -- << Content-Type: application/json; charset=utf-8
14:14:21.423 [main] DEBUG org.apache.http.headers -- << Transfer-Encoding: chunked
14:14:21.423 [main] DEBUG org.apache.http.headers -- << Connection: keep-alive
14:14:21.423 [main] DEBUG org.apache.http.headers -- << X-Powered-By: Express
14:14:21.423 [main] DEBUG org.apache.http.headers -- << Access-Control-Allow-Origin: *
14:14:21.423 [main] DEBUG org.apache.http.headers -- << ETag: W/"16a-lOIHmr90zOe6yMsIQuwx+y4bnJ4"
14:14:21.423 [main] DEBUG org.apache.http.headers -- << CF-Cache-Status: DYNAMIC
14:14:21.424 [main] DEBUG org.apache.http.headers -- << Report-To: {"endpoints":[{"url":"https:\/\/a.nel.cloudflare.com\/report\/v4?s=m00WQoc2NBfCWGuBEzlRBSRmySzQ0RhQT7YynPytRtCB95yKwdGXxqSqSlXa%2BdbgLUoDUWTkoG6wLYUCY04%2BCZ2kITCSisj0SphS7wcT1eEg6FFju3WxoNcbr9805lRgPYoNeH%2F9M%2BvUUpCOPbRjxeMvzwg%3D"}],"group":"cf-nel","max_age":604800}
14:14:21.424 [main] DEBUG org.apache.http.headers -- << NEL: {"success_fraction":0,"report_to":"cf-nel","max_age":604800}
14:14:21.424 [main] DEBUG org.apache.http.headers -- << Server: cloudflare
14:14:21.424 [main] DEBUG org.apache.http.headers -- << CF-RAY: 8ba3e096294b9f9f-AMS
14:14:21.424 [main] DEBUG org.apache.http.headers -- << Content-Encoding: gzip
14:14:21.424 [main] DEBUG org.apache.http.headers -- << alt-svc: h3=":443"; ma=86400
14:14:21.424 [main] DEBUG org.apache.http.impl.client.DefaultHttpClient -- Connection can be kept alive indefinitely
14:14:21.424 [main] DEBUG io.restassured.internal.RestAssuredHttpBuilder -- Parsing response as: application/json; charset=utf-8
14:14:21.424 [main] DEBUG org.apache.http.wire --  << "144[\r][\n]"
14:14:21.424 [main] DEBUG org.apache.http.wire --  << "[0x1f][0x8b][0x8][0x0][0x0][0x0][0x0][0x0][0x0][0x3]4[0xcf][0xc1]n[0x82]@[0x14]@[0xd1]_i[0xde][0x1a][0xcd][0x80][0x80][0xc0][0xaa][0x14][0xc4][0x8c][0xe9][0x80]ZEa7[0xc][0xf][0x18]TT[0xa8][0x1]5[0xfe]{[0xd3]&][0xde][0xb3][0xbb]O[0xe8]nB`[0xd7][0x81][0xf3][0xdd][0xde]P[0x1][0xfe]W[0x9b][0xf3][0x1][0x1b]p[0xe0][0x3]y[0x8b][0xed][0x1b][0xde][0x17]U6[0x17]2[0x92][0xb][0xba]}P5[0x94][0xb4][0xa3][0xcd][0xda][0x10][0x1e]5[0xe9][0xe1][0xb2][0x8f][0xbd][0x85]=[0xc6][0xfb][0xe2][0x92][0xfe]B[0x9d]h[0x89][0x96][0xf4]a][0xd5][0xd1].>[0xb0][0xba][0xec][0x99][0xef][0xe]I[0xbd][0xae]X][0xaa][0xa9]G;z:V[0xb9]GM[0xb6][0x11][0xf7][0xd0]/[0x9]{$[0x1a][0xfb][0xea]e[0xba][0xaf]zZ[0x9f][0x87][0xf0]AI[0xe4][0xaf]H[0xe4]'C[0xb1][0x1a][0x8f][0xb6]lEfQ[0xb6][0xbc][0xba]M[0x16]w[0xcb][0x1e][0xd9][0xf2]{[0xe6][0xae]Gn@[0xca]M[0x1a]0Y[0xfb]U[0x1c]|^[0xf9][0x16][0x14]h[0xb1]h[0xb1][0xab][0xfe][0x1f][0xc]b[0xaa]z[0xa6][0xa3][0xc8]U[0xb4][0x85][0x85]b[0xaa]Zh[0x11]nM,[0xcd]B[0x14][0xdc] [0x5][0xe7][0xf9][0x84][0x8]-[0xcf],[0xd4]T[0xdd]D[0x14][0x5][\n]"
14:14:21.424 [main] DEBUG org.apache.http.wire --  << "[0xcd](HN[0x88]^[0xe4][0xc2]"B[0x9f][0xaa]6[0xd7]tb[0x83][0x2][0xb7][0xe][p[0x9e][0x80]'.[0x8f][0xe0][0xc0]p[0x94]rx//[0xad][0x1c][0xb7]7P[0xa0][0xe1]'[0x4][0x7]p[0xb5][0x1b][0xe6][0xcd]}[0x1d]Hx[0xbd]~[0x0][0x0][0x0][0xff][0xff][0x3][0x0]q[0xf5][0xa2];j[0x1][0x0][0x0]"
14:14:21.424 [main] DEBUG org.apache.http.wire --  << "[\r][\n]"
14:14:21.424 [main] DEBUG org.apache.http.wire --  << "0[\r][\n]"
14:14:21.424 [main] DEBUG org.apache.http.wire --  << "[\r][\n]"
14:14:21.424 [main] DEBUG io.restassured.internal.RestAssuredHttpBuilder -- Parsed data to instance of: class org.apache.http.conn.EofSensorInputStream
14:14:21.426 [main] DEBUG org.apache.http.impl.conn.BasicClientConnectionManager -- Releasing connection org.apache.http.impl.conn.ManagedClientConnectionImpl@4158b72f
14:14:21.426 [main] DEBUG org.apache.http.impl.conn.BasicClientConnectionManager -- Connection can be kept alive indefinitely
14:14:21.450 [main] DEBUG org.apache.http.impl.conn.BasicClientConnectionManager -- Get connection for route {s}->https://stellarburgers.nomoreparties.site:443
14:14:21.450 [main] DEBUG org.apache.http.impl.conn.DefaultClientConnectionOperator -- Connecting to stellarburgers.nomoreparties.site:443
14:14:21.669 [main] DEBUG org.apache.http.client.protocol.RequestAddCookies -- CookieSpec selected: ignoreCookies
14:14:21.669 [main] DEBUG org.apache.http.client.protocol.RequestAuthCache -- Auth cache not set in the context
14:14:21.669 [main] DEBUG org.apache.http.client.protocol.RequestProxyAuthentication -- Proxy auth state: UNCHALLENGED
14:14:21.669 [main] DEBUG org.apache.http.impl.client.DefaultHttpClient -- Attempt 1 to execute request
14:14:21.669 [main] DEBUG org.apache.http.impl.conn.DefaultClientConnection -- Sending request: DELETE /api/auth/user HTTP/1.1
14:14:21.669 [main] DEBUG org.apache.http.wire --  >> "DELETE /api/auth/user HTTP/1.1[\r][\n]"
14:14:21.669 [main] DEBUG org.apache.http.wire --  >> "Authorization: Bearer eyJhbGciOiJIUzI1NiIsInR5cCI6IkpXVCJ9.eyJpZCI6IjY2Y2YwNjhjOWVkMjgwMDAxYjRhMjg1ZCIsImlhdCI6MTcyNDg0MzY2MSwiZXhwIjoxNzI0ODQ0ODYxfQ.-UMQ0EObPqAnbVsPweMPtEAR-AF0gTZFMijDhVFLqaU[\r][\n]"
14:14:21.669 [main] DEBUG org.apache.http.wire --  >> "Accept: */*[\r][\n]"
14:14:21.669 [main] DEBUG org.apache.http.wire --  >> "Content-Type: application/json[\r][\n]"
14:14:21.669 [main] DEBUG org.apache.http.wire --  >> "Content-Length: 67[\r][\n]"
14:14:21.669 [main] DEBUG org.apache.http.wire --  >> "Host: stellarburgers.nomoreparties.site[\r][\n]"
14:14:21.669 [main] DEBUG org.apache.http.wire --  >> "Connection: Keep-Alive[\r][\n]"
14:14:21.669 [main] DEBUG org.apache.http.wire --  >> "User-Agent: Apache-HttpClient/4.5.13 (Java/22.0.1)[\r][\n]"
14:14:21.669 [main] DEBUG org.apache.http.wire --  >> "Accept-Encoding: gzip,deflate[\r][\n]"
14:14:21.669 [main] DEBUG org.apache.http.wire --  >> "[\r][\n]"
14:14:21.669 [main] DEBUG org.apache.http.headers -- >> DELETE /api/auth/user HTTP/1.1
14:14:21.669 [main] DEBUG org.apache.http.headers -- >> Authorization: Bearer eyJhbGciOiJIUzI1NiIsInR5cCI6IkpXVCJ9.eyJpZCI6IjY2Y2YwNjhjOWVkMjgwMDAxYjRhMjg1ZCIsImlhdCI6MTcyNDg0MzY2MSwiZXhwIjoxNzI0ODQ0ODYxfQ.-UMQ0EObPqAnbVsPweMPtEAR-AF0gTZFMijDhVFLqaU
14:14:21.669 [main] DEBUG org.apache.http.headers -- >> Accept: */*
14:14:21.669 [main] DEBUG org.apache.http.headers -- >> Content-Type: application/json
14:14:21.669 [main] DEBUG org.apache.http.headers -- >> Content-Length: 67
14:14:21.669 [main] DEBUG org.apache.http.headers -- >> Host: stellarburgers.nomoreparties.site
14:14:21.669 [main] DEBUG org.apache.http.headers -- >> Connection: Keep-Alive
14:14:21.669 [main] DEBUG org.apache.http.headers -- >> User-Agent: Apache-HttpClient/4.5.13 (Java/22.0.1)
14:14:21.669 [main] DEBUG org.apache.http.headers -- >> Accept-Encoding: gzip,deflate
14:14:21.669 [main] DEBUG org.apache.http.wire --  >> "{"name":"eQWxGnyRFi","email":"xliix@gpri.ru","password":"248ifbft"}"
14:14:22.184 [main] DEBUG org.apache.http.wire --  << "HTTP/1.1 202 Accepted[\r][\n]"
14:14:22.185 [main] DEBUG org.apache.http.wire --  << "Date: Wed, 28 Aug 2024 11:14:22 GMT[\r][\n]"
14:14:22.185 [main] DEBUG org.apache.http.wire --  << "Content-Type: application/json; charset=utf-8[\r][\n]"
14:14:22.185 [main] DEBUG org.apache.http.wire --  << "Content-Length: 54[\r][\n]"
14:14:22.185 [main] DEBUG org.apache.http.wire --  << "Connection: keep-alive[\r][\n]"
14:14:22.185 [main] DEBUG org.apache.http.wire --  << "X-Powered-By: Express[\r][\n]"
14:14:22.185 [main] DEBUG org.apache.http.wire --  << "Access-Control-Allow-Origin: *[\r][\n]"
14:14:22.185 [main] DEBUG org.apache.http.wire --  << "ETag: W/"36-hDmZnQ3Ou/ynnqAeC6TYmyseuzY"[\r][\n]"
14:14:22.185 [main] DEBUG org.apache.http.wire --  << "CF-Cache-Status: DYNAMIC[\r][\n]"
14:14:22.185 [main] DEBUG org.apache.http.wire --  << "Report-To: {"endpoints":[{"url":"https:\/\/a.nel.cloudflare.com\/report\/v4?s=EPKXj%2BGnvhFxmriGdxVF0UgUQafDEYqU5%2BIMUGrp5U42dRmkHNUZxmu9BPpDsNMcaB6kxK4dqzCmEurJnB0Aq779G2eQVPVVAnScpNUs2b2RiNsGPSilozRognULoJ%2FNVGiZK6uYHLE0F2G9zcWhwHfdIbg%3D"}],"group":"cf-nel","max_age":604800}[\r][\n]"
14:14:22.185 [main] DEBUG org.apache.http.wire --  << "NEL: {"success_fraction":0,"report_to":"cf-nel","max_age":604800}[\r][\n]"
14:14:22.185 [main] DEBUG org.apache.http.wire --  << "Server: cloudflare[\r][\n]"
14:14:22.185 [main] DEBUG org.apache.http.wire --  << "CF-RAY: 8ba3e0993f5fa85d-RIX[\r][\n]"
14:14:22.185 [main] DEBUG org.apache.http.wire --  << "alt-svc: h3=":443"; ma=86400[\r][\n]"
14:14:22.185 [main] DEBUG org.apache.http.wire --  << "[\r][\n]"
14:14:22.185 [main] DEBUG org.apache.http.impl.conn.DefaultClientConnection -- Receiving response: HTTP/1.1 202 Accepted
14:14:22.185 [main] DEBUG org.apache.http.headers -- << HTTP/1.1 202 Accepted
14:14:22.185 [main] DEBUG org.apache.http.headers -- << Date: Wed, 28 Aug 2024 11:14:22 GMT
14:14:22.185 [main] DEBUG org.apache.http.headers -- << Content-Type: application/json; charset=utf-8
14:14:22.185 [main] DEBUG org.apache.http.headers -- << Content-Length: 54
14:14:22.185 [main] DEBUG org.apache.http.headers -- << Connection: keep-alive
14:14:22.185 [main] DEBUG org.apache.http.headers -- << X-Powered-By: Express
14:14:22.185 [main] DEBUG org.apache.http.headers -- << Access-Control-Allow-Origin: *
14:14:22.185 [main] DEBUG org.apache.http.headers -- << ETag: W/"36-hDmZnQ3Ou/ynnqAeC6TYmyseuzY"
14:14:22.185 [main] DEBUG org.apache.http.headers -- << CF-Cache-Status: DYNAMIC
14:14:22.185 [main] DEBUG org.apache.http.headers -- << Report-To: {"endpoints":[{"url":"https:\/\/a.nel.cloudflare.com\/report\/v4?s=EPKXj%2BGnvhFxmriGdxVF0UgUQafDEYqU5%2BIMUGrp5U42dRmkHNUZxmu9BPpDsNMcaB6kxK4dqzCmEurJnB0Aq779G2eQVPVVAnScpNUs2b2RiNsGPSilozRognULoJ%2FNVGiZK6uYHLE0F2G9zcWhwHfdIbg%3D"}],"group":"cf-nel","max_age":604800}
14:14:22.185 [main] DEBUG org.apache.http.headers -- << NEL: {"success_fraction":0,"report_to":"cf-nel","max_age":604800}
14:14:22.185 [main] DEBUG org.apache.http.headers -- << Server: cloudflare
14:14:22.185 [main] DEBUG org.apache.http.headers -- << CF-RAY: 8ba3e0993f5fa85d-RIX
14:14:22.185 [main] DEBUG org.apache.http.headers -- << alt-svc: h3=":443"; ma=86400
14:14:22.185 [main] DEBUG org.apache.http.impl.client.DefaultHttpClient -- Connection can be kept alive indefinitely
14:14:22.185 [main] DEBUG io.restassured.internal.RestAssuredHttpBuilder -- Parsing response as: application/json; charset=utf-8
14:14:22.185 [main] DEBUG io.restassured.internal.RestAssuredHttpBuilder -- Parsed data to instance of: class org.apache.http.conn.EofSensorInputStream
]]></system-out>
    <system-err><![CDATA[авг. 28, 2024 2:14:16 PM org.openqa.selenium.devtools.CdpVersionFinder findNearestMatch
WARNING: Unable to find an exact match for CDP version 128, returning the closest version; found: 126; Please update to a Selenium version that supports CDP version 128
]]></system-err>
  </testcase>
  <testcase name="loginTest[1]" classname="LoginTest" time="7.044">
    <system-out><![CDATA[14:14:26.575 [main] DEBUG org.apache.http.impl.conn.BasicClientConnectionManager -- Get connection for route {s}->https://stellarburgers.nomoreparties.site:443
14:14:26.575 [main] DEBUG org.apache.http.impl.conn.DefaultClientConnectionOperator -- Connecting to stellarburgers.nomoreparties.site:443
14:14:26.757 [main] DEBUG org.apache.http.client.protocol.RequestAddCookies -- CookieSpec selected: ignoreCookies
14:14:26.757 [main] DEBUG org.apache.http.client.protocol.RequestAuthCache -- Auth cache not set in the context
14:14:26.757 [main] DEBUG org.apache.http.client.protocol.RequestTargetAuthentication -- Target auth state: UNCHALLENGED
14:14:26.757 [main] DEBUG org.apache.http.client.protocol.RequestProxyAuthentication -- Proxy auth state: UNCHALLENGED
14:14:26.757 [main] DEBUG org.apache.http.impl.client.DefaultHttpClient -- Attempt 1 to execute request
14:14:26.757 [main] DEBUG org.apache.http.impl.conn.DefaultClientConnection -- Sending request: POST /api/auth/register HTTP/1.1
14:14:26.757 [main] DEBUG org.apache.http.wire --  >> "POST /api/auth/register HTTP/1.1[\r][\n]"
14:14:26.757 [main] DEBUG org.apache.http.wire --  >> "Accept: */*[\r][\n]"
14:14:26.757 [main] DEBUG org.apache.http.wire --  >> "Content-Type: application/json[\r][\n]"
14:14:26.757 [main] DEBUG org.apache.http.wire --  >> "Content-Length: 67[\r][\n]"
14:14:26.757 [main] DEBUG org.apache.http.wire --  >> "Host: stellarburgers.nomoreparties.site[\r][\n]"
14:14:26.757 [main] DEBUG org.apache.http.wire --  >> "Connection: Keep-Alive[\r][\n]"
14:14:26.757 [main] DEBUG org.apache.http.wire --  >> "User-Agent: Apache-HttpClient/4.5.13 (Java/22.0.1)[\r][\n]"
14:14:26.757 [main] DEBUG org.apache.http.wire --  >> "Accept-Encoding: gzip,deflate[\r][\n]"
14:14:26.757 [main] DEBUG org.apache.http.wire --  >> "[\r][\n]"
14:14:26.757 [main] DEBUG org.apache.http.headers -- >> POST /api/auth/register HTTP/1.1
14:14:26.757 [main] DEBUG org.apache.http.headers -- >> Accept: */*
14:14:26.757 [main] DEBUG org.apache.http.headers -- >> Content-Type: application/json
14:14:26.757 [main] DEBUG org.apache.http.headers -- >> Content-Length: 67
14:14:26.757 [main] DEBUG org.apache.http.headers -- >> Host: stellarburgers.nomoreparties.site
14:14:26.757 [main] DEBUG org.apache.http.headers -- >> Connection: Keep-Alive
14:14:26.757 [main] DEBUG org.apache.http.headers -- >> User-Agent: Apache-HttpClient/4.5.13 (Java/22.0.1)
14:14:26.757 [main] DEBUG org.apache.http.headers -- >> Accept-Encoding: gzip,deflate
14:14:26.757 [main] DEBUG org.apache.http.wire --  >> "{"name":"nABGrWTnIs","email":"zibut@qbtn.ru","password":"w9cDaSbE"}"
14:14:26.987 [main] DEBUG org.apache.http.wire --  << "HTTP/1.1 200 OK[\r][\n]"
14:14:26.988 [main] DEBUG org.apache.http.wire --  << "Date: Wed, 28 Aug 2024 11:14:27 GMT[\r][\n]"
14:14:26.988 [main] DEBUG org.apache.http.wire --  << "Content-Type: application/json; charset=utf-8[\r][\n]"
14:14:26.988 [main] DEBUG org.apache.http.wire --  << "Transfer-Encoding: chunked[\r][\n]"
14:14:26.988 [main] DEBUG org.apache.http.wire --  << "Connection: keep-alive[\r][\n]"
14:14:26.988 [main] DEBUG org.apache.http.wire --  << "X-Powered-By: Express[\r][\n]"
14:14:26.988 [main] DEBUG org.apache.http.wire --  << "Access-Control-Allow-Origin: *[\r][\n]"
14:14:26.988 [main] DEBUG org.apache.http.wire --  << "authorization: Bearer eyJhbGciOiJIUzI1NiIsInR5cCI6IkpXVCJ9.eyJpZCI6IjY2Y2YwNjkzOWVkMjgwMDAxYjRhMjg2MSIsImlhdCI6MTcyNDg0MzY2NywiZXhwIjoxNzI0ODQ0ODY3fQ.Lm-dl8chZ-TObmgY5VUxawIxsE6NTwXbX5NoeFkAZqo[\r][\n]"
14:14:26.988 [main] DEBUG org.apache.http.wire --  << "ETag: W/"16a-IoTi/dtoZzNH2nmU5iptfHL6R+s"[\r][\n]"
14:14:26.988 [main] DEBUG org.apache.http.wire --  << "CF-Cache-Status: DYNAMIC[\r][\n]"
14:14:26.988 [main] DEBUG org.apache.http.wire --  << "Report-To: {"endpoints":[{"url":"https:\/\/a.nel.cloudflare.com\/report\/v4?s=5KjaU48It50ZygXwc8yDjFRgqW6BgbhOfkUBCRVRf%2F9JZuxscxmNk9xvqur1OYAzsQN%2FnMItzwatw0hSHD%2BFC9HmKOiVwPTA%2BKPympQtJ0hXdD%2Bk6tzsvEdZoJ8XDfY5jqOQqFPm3U7sHqZxyScnqRyoyGI%3D"}],"group":"cf-nel","max_age":604800}[\r][\n]"
14:14:26.988 [main] DEBUG org.apache.http.wire --  << "NEL: {"success_fraction":0,"report_to":"cf-nel","max_age":604800}[\r][\n]"
14:14:26.988 [main] DEBUG org.apache.http.wire --  << "Server: cloudflare[\r][\n]"
14:14:26.988 [main] DEBUG org.apache.http.wire --  << "CF-RAY: 8ba3e0b8be6da87e-RIX[\r][\n]"
14:14:26.988 [main] DEBUG org.apache.http.wire --  << "Content-Encoding: gzip[\r][\n]"
14:14:26.988 [main] DEBUG org.apache.http.wire --  << "alt-svc: h3=":443"; ma=86400[\r][\n]"
14:14:26.988 [main] DEBUG org.apache.http.wire --  << "[\r][\n]"
14:14:26.988 [main] DEBUG org.apache.http.impl.conn.DefaultClientConnection -- Receiving response: HTTP/1.1 200 OK
14:14:26.988 [main] DEBUG org.apache.http.headers -- << HTTP/1.1 200 OK
14:14:26.988 [main] DEBUG org.apache.http.headers -- << Date: Wed, 28 Aug 2024 11:14:27 GMT
14:14:26.988 [main] DEBUG org.apache.http.headers -- << Content-Type: application/json; charset=utf-8
14:14:26.988 [main] DEBUG org.apache.http.headers -- << Transfer-Encoding: chunked
14:14:26.988 [main] DEBUG org.apache.http.headers -- << Connection: keep-alive
14:14:26.988 [main] DEBUG org.apache.http.headers -- << X-Powered-By: Express
14:14:26.988 [main] DEBUG org.apache.http.headers -- << Access-Control-Allow-Origin: *
14:14:26.988 [main] DEBUG org.apache.http.headers -- << authorization: Bearer eyJhbGciOiJIUzI1NiIsInR5cCI6IkpXVCJ9.eyJpZCI6IjY2Y2YwNjkzOWVkMjgwMDAxYjRhMjg2MSIsImlhdCI6MTcyNDg0MzY2NywiZXhwIjoxNzI0ODQ0ODY3fQ.Lm-dl8chZ-TObmgY5VUxawIxsE6NTwXbX5NoeFkAZqo
14:14:26.988 [main] DEBUG org.apache.http.headers -- << ETag: W/"16a-IoTi/dtoZzNH2nmU5iptfHL6R+s"
14:14:26.988 [main] DEBUG org.apache.http.headers -- << CF-Cache-Status: DYNAMIC
14:14:26.988 [main] DEBUG org.apache.http.headers -- << Report-To: {"endpoints":[{"url":"https:\/\/a.nel.cloudflare.com\/report\/v4?s=5KjaU48It50ZygXwc8yDjFRgqW6BgbhOfkUBCRVRf%2F9JZuxscxmNk9xvqur1OYAzsQN%2FnMItzwatw0hSHD%2BFC9HmKOiVwPTA%2BKPympQtJ0hXdD%2Bk6tzsvEdZoJ8XDfY5jqOQqFPm3U7sHqZxyScnqRyoyGI%3D"}],"group":"cf-nel","max_age":604800}
14:14:26.988 [main] DEBUG org.apache.http.headers -- << NEL: {"success_fraction":0,"report_to":"cf-nel","max_age":604800}
14:14:26.988 [main] DEBUG org.apache.http.headers -- << Server: cloudflare
14:14:26.988 [main] DEBUG org.apache.http.headers -- << CF-RAY: 8ba3e0b8be6da87e-RIX
14:14:26.988 [main] DEBUG org.apache.http.headers -- << Content-Encoding: gzip
14:14:26.988 [main] DEBUG org.apache.http.headers -- << alt-svc: h3=":443"; ma=86400
14:14:26.988 [main] DEBUG org.apache.http.impl.client.DefaultHttpClient -- Connection can be kept alive indefinitely
14:14:26.989 [main] DEBUG io.restassured.internal.RestAssuredHttpBuilder -- Parsing response as: application/json; charset=utf-8
14:14:26.989 [main] DEBUG org.apache.http.wire --  << "146[\r][\n]"
14:14:26.989 [main] DEBUG org.apache.http.wire --  << "[0x1f][0x8b][0x8][0x0][0x0][0x0][0x0][0x0][0x0][0x3]4[0xcf][0xcb]n[0x82]@[0x14][0x80][0xe1]Wi[0xce]Z[0xcd][0x8][0xc]([0xab]zi[0xcd][0x98][0x2][0xd1][0xe2][0x5]ws9#[0x17]Ae$([0xc6]wo[0xda][0xa4][0xdb][0xf1]%[0xff][0x13]L#%[0x1a][0x3][0xfe][0xad]n[0xb0][0x7][0x8d][0xc1][0x1a][0xfc]'`[0xc9][0xb3][0x13][0xf8][0xd0]e[0xa2][0xb9][0xbd]_[0xc5][0xad][0x1a][0xd4][\r][0xf4][0xa0][0xe2]%[0x82][0xf][0xd5]d[0xba][0xa8]wq[0xc5][0xc][0xbc]z[0xc0][0xff][0x88][0xf8]\`[0x5]>L[0x91][0xd7]X[0xbf][0xe1]c[0x99][0x8a][0x85][0xcc][0xa2]l[0xc9]6[0x1d][0x1b][0x86][0x19]3[0xac]ZS9c.+.[0xfb][0xed]l9[0x1e][0xe0]cy9[0xfc][0x86]<[0xb1][0x12]+i[0xc3][0xbc][0xe8][0xa2][0xdd][0xb6][0x8][0xf2]c[0x1b][0xcc]'[0xf7]$_[0xa7]A~[0xb4][0x82]ofXyJ[0xd5][0x8c][0xb9]A,[0x1f][0xe1][0xfc]H[0x82].[0xb1][0xc2]G[0x9b][0x1d][0xf6]i[0xcb][0xf2][0xf3]=[0xec][0x18][0x89][0xe6]+[0x12][0xcd][0x13][[0xaf][0x6]_e_[0x9d]F2=[0xf4][0xe3]H[0x94][0xc7][0x84]n7w[0xde][0xb2][0xbb][0xf9]p[0xc3][0xb8][0xdd][0x8b]=[\r][0xcf][0xf8]YL[0xe][0xd7]3[0xf4][0xa0]F][0xa3]I[0xff][0x1f][0xb4]c[0xb][0xc7][0x93][0x1a][0x5]z[0x9c][0x8c][0xac]![0xda]\Y[0x1c]]G[0x8c]):Ji[0xb4]([0x1d][0xb][0xad][0x89][0xe7][0x11]=R[0x8e]T[0x9a][0xe][0x15]WC[0xe9][0xb9]c[0xa4][0xc4]E[0xc1][0x89]M[0x14][0x95][0x94][0xdb][\n]"
14:14:26.989 [main] DEBUG org.apache.http.wire --  << "^?[0x0][0x0][0x0][0xff][0xff][0x3][0x0][0x1d][0xdc]W[0xab]j[0x1][0x0][0x0]"
14:14:26.989 [main] DEBUG org.apache.http.wire --  << "[\r][\n]"
14:14:26.990 [main] DEBUG org.apache.http.wire --  << "0[\r][\n]"
14:14:26.990 [main] DEBUG org.apache.http.wire --  << "[\r][\n]"
14:14:26.990 [main] DEBUG io.restassured.internal.RestAssuredHttpBuilder -- Parsed data to instance of: class org.apache.http.conn.EofSensorInputStream
14:14:28.111 [main] DEBUG org.apache.http.impl.conn.BasicClientConnectionManager -- Get connection for route {s}->https://stellarburgers.nomoreparties.site:443
14:14:28.111 [main] DEBUG org.apache.http.impl.conn.DefaultClientConnectionOperator -- Connecting to stellarburgers.nomoreparties.site:443
14:14:28.308 [main] DEBUG org.apache.http.client.protocol.RequestAddCookies -- CookieSpec selected: ignoreCookies
14:14:28.309 [main] DEBUG org.apache.http.client.protocol.RequestAuthCache -- Auth cache not set in the context
14:14:28.309 [main] DEBUG org.apache.http.client.protocol.RequestTargetAuthentication -- Target auth state: UNCHALLENGED
14:14:28.309 [main] DEBUG org.apache.http.client.protocol.RequestProxyAuthentication -- Proxy auth state: UNCHALLENGED
14:14:28.309 [main] DEBUG org.apache.http.impl.client.DefaultHttpClient -- Attempt 1 to execute request
14:14:28.309 [main] DEBUG org.apache.http.impl.conn.DefaultClientConnection -- Sending request: POST /api/auth/login HTTP/1.1
14:14:28.309 [main] DEBUG org.apache.http.wire --  >> "POST /api/auth/login HTTP/1.1[\r][\n]"
14:14:28.309 [main] DEBUG org.apache.http.wire --  >> "Accept: */*[\r][\n]"
14:14:28.309 [main] DEBUG org.apache.http.wire --  >> "Content-Type: application/json[\r][\n]"
14:14:28.309 [main] DEBUG org.apache.http.wire --  >> "Content-Length: 67[\r][\n]"
14:14:28.309 [main] DEBUG org.apache.http.wire --  >> "Host: stellarburgers.nomoreparties.site[\r][\n]"
14:14:28.309 [main] DEBUG org.apache.http.wire --  >> "Connection: Keep-Alive[\r][\n]"
14:14:28.309 [main] DEBUG org.apache.http.wire --  >> "User-Agent: Apache-HttpClient/4.5.13 (Java/22.0.1)[\r][\n]"
14:14:28.309 [main] DEBUG org.apache.http.wire --  >> "Accept-Encoding: gzip,deflate[\r][\n]"
14:14:28.309 [main] DEBUG org.apache.http.wire --  >> "[\r][\n]"
14:14:28.309 [main] DEBUG org.apache.http.headers -- >> POST /api/auth/login HTTP/1.1
14:14:28.309 [main] DEBUG org.apache.http.headers -- >> Accept: */*
14:14:28.309 [main] DEBUG org.apache.http.headers -- >> Content-Type: application/json
14:14:28.309 [main] DEBUG org.apache.http.headers -- >> Content-Length: 67
14:14:28.309 [main] DEBUG org.apache.http.headers -- >> Host: stellarburgers.nomoreparties.site
14:14:28.309 [main] DEBUG org.apache.http.headers -- >> Connection: Keep-Alive
14:14:28.309 [main] DEBUG org.apache.http.headers -- >> User-Agent: Apache-HttpClient/4.5.13 (Java/22.0.1)
14:14:28.309 [main] DEBUG org.apache.http.headers -- >> Accept-Encoding: gzip,deflate
14:14:28.309 [main] DEBUG org.apache.http.wire --  >> "{"name":"nABGrWTnIs","email":"zibut@qbtn.ru","password":"w9cDaSbE"}"
14:14:28.554 [main] DEBUG org.apache.http.wire --  << "HTTP/1.1 200 OK[\r][\n]"
14:14:28.554 [main] DEBUG org.apache.http.wire --  << "Date: Wed, 28 Aug 2024 11:14:29 GMT[\r][\n]"
14:14:28.554 [main] DEBUG org.apache.http.wire --  << "Content-Type: application/json; charset=utf-8[\r][\n]"
14:14:28.554 [main] DEBUG org.apache.http.wire --  << "Transfer-Encoding: chunked[\r][\n]"
14:14:28.554 [main] DEBUG org.apache.http.wire --  << "Connection: keep-alive[\r][\n]"
14:14:28.554 [main] DEBUG org.apache.http.wire --  << "X-Powered-By: Express[\r][\n]"
14:14:28.554 [main] DEBUG org.apache.http.wire --  << "Access-Control-Allow-Origin: *[\r][\n]"
14:14:28.554 [main] DEBUG org.apache.http.wire --  << "ETag: W/"16a-kF0l5Q00dOhFahh84QKD5s3W1OA"[\r][\n]"
14:14:28.554 [main] DEBUG org.apache.http.wire --  << "CF-Cache-Status: DYNAMIC[\r][\n]"
14:14:28.554 [main] DEBUG org.apache.http.wire --  << "Report-To: {"endpoints":[{"url":"https:\/\/a.nel.cloudflare.com\/report\/v4?s=dNa8pS3XojI4bDigEO4aaSizNeEuXtoMRUxLFKP2WmrUQjlQfwDf%2B890xeiAGiZ4UeTeFunMUGFoysmyFg4femLOMRj1j6Lhack8iKN74B27IwrR6DneUJ8YfFFZNkBa1WQya9qOgHnLn6Lix%2FuaCOlOHNY%3D"}],"group":"cf-nel","max_age":604800}[\r][\n]"
14:14:28.554 [main] DEBUG org.apache.http.wire --  << "NEL: {"success_fraction":0,"report_to":"cf-nel","max_age":604800}[\r][\n]"
14:14:28.554 [main] DEBUG org.apache.http.wire --  << "Server: cloudflare[\r][\n]"
14:14:28.554 [main] DEBUG org.apache.http.wire --  << "CF-RAY: 8ba3e0c28aa196e5-AMS[\r][\n]"
14:14:28.554 [main] DEBUG org.apache.http.wire --  << "Content-Encoding: gzip[\r][\n]"
14:14:28.554 [main] DEBUG org.apache.http.wire --  << "alt-svc: h3=":443"; ma=86400[\r][\n]"
14:14:28.554 [main] DEBUG org.apache.http.wire --  << "[\r][\n]"
14:14:28.554 [main] DEBUG org.apache.http.impl.conn.DefaultClientConnection -- Receiving response: HTTP/1.1 200 OK
14:14:28.554 [main] DEBUG org.apache.http.headers -- << HTTP/1.1 200 OK
14:14:28.554 [main] DEBUG org.apache.http.headers -- << Date: Wed, 28 Aug 2024 11:14:29 GMT
14:14:28.554 [main] DEBUG org.apache.http.headers -- << Content-Type: application/json; charset=utf-8
14:14:28.554 [main] DEBUG org.apache.http.headers -- << Transfer-Encoding: chunked
14:14:28.554 [main] DEBUG org.apache.http.headers -- << Connection: keep-alive
14:14:28.554 [main] DEBUG org.apache.http.headers -- << X-Powered-By: Express
14:14:28.554 [main] DEBUG org.apache.http.headers -- << Access-Control-Allow-Origin: *
14:14:28.554 [main] DEBUG org.apache.http.headers -- << ETag: W/"16a-kF0l5Q00dOhFahh84QKD5s3W1OA"
14:14:28.554 [main] DEBUG org.apache.http.headers -- << CF-Cache-Status: DYNAMIC
14:14:28.554 [main] DEBUG org.apache.http.headers -- << Report-To: {"endpoints":[{"url":"https:\/\/a.nel.cloudflare.com\/report\/v4?s=dNa8pS3XojI4bDigEO4aaSizNeEuXtoMRUxLFKP2WmrUQjlQfwDf%2B890xeiAGiZ4UeTeFunMUGFoysmyFg4femLOMRj1j6Lhack8iKN74B27IwrR6DneUJ8YfFFZNkBa1WQya9qOgHnLn6Lix%2FuaCOlOHNY%3D"}],"group":"cf-nel","max_age":604800}
14:14:28.554 [main] DEBUG org.apache.http.headers -- << NEL: {"success_fraction":0,"report_to":"cf-nel","max_age":604800}
14:14:28.554 [main] DEBUG org.apache.http.headers -- << Server: cloudflare
14:14:28.554 [main] DEBUG org.apache.http.headers -- << CF-RAY: 8ba3e0c28aa196e5-AMS
14:14:28.554 [main] DEBUG org.apache.http.headers -- << Content-Encoding: gzip
14:14:28.554 [main] DEBUG org.apache.http.headers -- << alt-svc: h3=":443"; ma=86400
14:14:28.554 [main] DEBUG org.apache.http.impl.client.DefaultHttpClient -- Connection can be kept alive indefinitely
14:14:28.554 [main] DEBUG io.restassured.internal.RestAssuredHttpBuilder -- Parsing response as: application/json; charset=utf-8
14:14:28.554 [main] DEBUG org.apache.http.wire --  << "146[\r][\n]"
14:14:28.554 [main] DEBUG org.apache.http.wire --  << "[0x1f][0x8b][0x8][0x0][0x0][0x0][0x0][0x0][0x0][0x3]4[0xcf][0xcb]n[0x82]@[0x14][0x80][0xe1]Wi[0xce][0x9a][0x1a]f[0x4][0xa6][0xb0][0xaa]B[0xa2]C[0x83][0xc4]K[0x15][0xdc][0x98]a8[0xc8]E[0xd0][0xe]R[0x14][0xe3][0xbb]7m[0xd2][0xe5][0xff][0xed][0xfe][0x7][0xb4][0x9d][0x94][0xd8][0xb6][0xe0]\U[0x87][0x1a][0x88][0xbf][0xda][0x9c]+l[0xc0][0x81])[\n]"
14:14:28.554 [main] DEBUG org.apache.http.wire --  << "[0x85][0xea][0x5][0xef]~[0x9e][0xcc]d[0x11][0x16]>[0xff][0x1c]8Y[0x14][0xbc][0xe5][0xcd][0xca][0x94].[0xb7]xu[0x89][0xb6][0xae]o[0x8f][0xf0][0xee]_[0xf6][0xbf]P[0xc6]4[0xa6]q[0xbf]([0xab]![0xdc]m[0xab][0xa0]<[0xf6][0x81]7[0xb9][0xc5][0xe5]*[0xf][0xca]#[\r][0xd6][0xbc][0xe5][0xf5])O]n[0x5][0x1b]y_xG=[0x18]b[0x1a][0xae][0xfb]b[0x1f][0xe5]=/[0xcf][0xb7][0xc5][0xc0][0xf5][0xd0][[0xea][0xa1][0x17][0x9b][0xd9]r[0xe4][0xf6][0xdf][0x87]K[0xca][0x96][0x6][0xaf]_[0xbb]a[0xef][0xa9]u[0xc4]?[0xe6][0xc3]94#[0x9f][0xf3][0xd9]V[0xae][0xa4]2[0x8d][0xc3]<[0xff][0xea]A[0x3][0x85][0x99][0xc2]6[0xff]x#cL[0x5][0x93][0xc4][0xa0][0xb6]d[0xb6]n[0xa7][0x84]eL[0x8e][0x89][0xc5][0xc6][0x96][0x99]Xh[0x10][0x96][0x8][0x96]2+[0xb3][0xc][0x8a]H2[0xca][0x12][0x81]YFR[0x9d]2bH)ib$[0x19][0x15]6[0xd5][0x5]3@[0x83][0xae]E[0x5][0xce][0x3][0xb0][0x16][0xc5][0x9][0x1c][0x18][0x8a][0xa4][0xbb][0xbe]%[0xd7]f[0xa4]:[0xd0][0xa0][0x11]5[0x82][0x3][0xcd]d:S[0xbb]M[0xc3][x>[0x0][0x0][0x0][0xff][0xff][0x3][0x0][0x8]=n[0xf6]j[0x1][0x0][0x0]"
14:14:28.554 [main] DEBUG org.apache.http.wire --  << "[\r][\n]"
14:14:28.554 [main] DEBUG org.apache.http.wire --  << "0[\r][\n]"
14:14:28.554 [main] DEBUG org.apache.http.wire --  << "[\r][\n]"
14:14:28.554 [main] DEBUG io.restassured.internal.RestAssuredHttpBuilder -- Parsed data to instance of: class org.apache.http.conn.EofSensorInputStream
14:14:28.555 [main] DEBUG org.apache.http.impl.conn.BasicClientConnectionManager -- Releasing connection org.apache.http.impl.conn.ManagedClientConnectionImpl@c9ba9e2
14:14:28.555 [main] DEBUG org.apache.http.impl.conn.BasicClientConnectionManager -- Connection can be kept alive indefinitely
14:14:28.578 [main] DEBUG org.apache.http.impl.conn.BasicClientConnectionManager -- Get connection for route {s}->https://stellarburgers.nomoreparties.site:443
14:14:28.578 [main] DEBUG org.apache.http.impl.conn.DefaultClientConnectionOperator -- Connecting to stellarburgers.nomoreparties.site:443
14:14:28.673 [main] DEBUG org.apache.http.client.protocol.RequestAddCookies -- CookieSpec selected: ignoreCookies
14:14:28.674 [main] DEBUG org.apache.http.client.protocol.RequestAuthCache -- Auth cache not set in the context
14:14:28.674 [main] DEBUG org.apache.http.client.protocol.RequestProxyAuthentication -- Proxy auth state: UNCHALLENGED
14:14:28.674 [main] DEBUG org.apache.http.impl.client.DefaultHttpClient -- Attempt 1 to execute request
14:14:28.674 [main] DEBUG org.apache.http.impl.conn.DefaultClientConnection -- Sending request: DELETE /api/auth/user HTTP/1.1
14:14:28.674 [main] DEBUG org.apache.http.wire --  >> "DELETE /api/auth/user HTTP/1.1[\r][\n]"
14:14:28.674 [main] DEBUG org.apache.http.wire --  >> "Authorization: Bearer eyJhbGciOiJIUzI1NiIsInR5cCI6IkpXVCJ9.eyJpZCI6IjY2Y2YwNjkzOWVkMjgwMDAxYjRhMjg2MSIsImlhdCI6MTcyNDg0MzY2OSwiZXhwIjoxNzI0ODQ0ODY5fQ.Cwv_pd7Q4Im-uzZDrSXIKHzoO5XJIIGVcRcr54_Hhqw[\r][\n]"
14:14:28.674 [main] DEBUG org.apache.http.wire --  >> "Accept: */*[\r][\n]"
14:14:28.674 [main] DEBUG org.apache.http.wire --  >> "Content-Type: application/json[\r][\n]"
14:14:28.674 [main] DEBUG org.apache.http.wire --  >> "Content-Length: 67[\r][\n]"
14:14:28.674 [main] DEBUG org.apache.http.wire --  >> "Host: stellarburgers.nomoreparties.site[\r][\n]"
14:14:28.674 [main] DEBUG org.apache.http.wire --  >> "Connection: Keep-Alive[\r][\n]"
14:14:28.674 [main] DEBUG org.apache.http.wire --  >> "User-Agent: Apache-HttpClient/4.5.13 (Java/22.0.1)[\r][\n]"
14:14:28.674 [main] DEBUG org.apache.http.wire --  >> "Accept-Encoding: gzip,deflate[\r][\n]"
14:14:28.674 [main] DEBUG org.apache.http.wire --  >> "[\r][\n]"
14:14:28.674 [main] DEBUG org.apache.http.headers -- >> DELETE /api/auth/user HTTP/1.1
14:14:28.674 [main] DEBUG org.apache.http.headers -- >> Authorization: Bearer eyJhbGciOiJIUzI1NiIsInR5cCI6IkpXVCJ9.eyJpZCI6IjY2Y2YwNjkzOWVkMjgwMDAxYjRhMjg2MSIsImlhdCI6MTcyNDg0MzY2OSwiZXhwIjoxNzI0ODQ0ODY5fQ.Cwv_pd7Q4Im-uzZDrSXIKHzoO5XJIIGVcRcr54_Hhqw
14:14:28.674 [main] DEBUG org.apache.http.headers -- >> Accept: */*
14:14:28.674 [main] DEBUG org.apache.http.headers -- >> Content-Type: application/json
14:14:28.674 [main] DEBUG org.apache.http.headers -- >> Content-Length: 67
14:14:28.674 [main] DEBUG org.apache.http.headers -- >> Host: stellarburgers.nomoreparties.site
14:14:28.674 [main] DEBUG org.apache.http.headers -- >> Connection: Keep-Alive
14:14:28.674 [main] DEBUG org.apache.http.headers -- >> User-Agent: Apache-HttpClient/4.5.13 (Java/22.0.1)
14:14:28.674 [main] DEBUG org.apache.http.headers -- >> Accept-Encoding: gzip,deflate
14:14:28.674 [main] DEBUG org.apache.http.wire --  >> "{"name":"nABGrWTnIs","email":"zibut@qbtn.ru","password":"w9cDaSbE"}"
14:14:29.230 [main] DEBUG org.apache.http.wire --  << "HTTP/1.1 202 Accepted[\r][\n]"
14:14:29.230 [main] DEBUG org.apache.http.wire --  << "Date: Wed, 28 Aug 2024 11:14:29 GMT[\r][\n]"
14:14:29.230 [main] DEBUG org.apache.http.wire --  << "Content-Type: application/json; charset=utf-8[\r][\n]"
14:14:29.230 [main] DEBUG org.apache.http.wire --  << "Content-Length: 54[\r][\n]"
14:14:29.230 [main] DEBUG org.apache.http.wire --  << "Connection: keep-alive[\r][\n]"
14:14:29.230 [main] DEBUG org.apache.http.wire --  << "X-Powered-By: Express[\r][\n]"
14:14:29.230 [main] DEBUG org.apache.http.wire --  << "Access-Control-Allow-Origin: *[\r][\n]"
14:14:29.230 [main] DEBUG org.apache.http.wire --  << "ETag: W/"36-hDmZnQ3Ou/ynnqAeC6TYmyseuzY"[\r][\n]"
14:14:29.230 [main] DEBUG org.apache.http.wire --  << "CF-Cache-Status: DYNAMIC[\r][\n]"
14:14:29.230 [main] DEBUG org.apache.http.wire --  << "Report-To: {"endpoints":[{"url":"https:\/\/a.nel.cloudflare.com\/report\/v4?s=hDH03C2jYuM06umL5JzxHadpb1cCvHHgX457QAsFCOKVeC0EnC1E2WwpveqCi0%2FKP3CcKOWVGSXdnWkRMSJPUFdlMqqT9kqvqfp%2B9lVVNk6FyjHD5IqEi28JvQdPCrknnjmSgH5f0SW%2Badd4ygcIBWup9%2FI%3D"}],"group":"cf-nel","max_age":604800}[\r][\n]"
14:14:29.230 [main] DEBUG org.apache.http.wire --  << "NEL: {"success_fraction":0,"report_to":"cf-nel","max_age":604800}[\r][\n]"
14:14:29.230 [main] DEBUG org.apache.http.wire --  << "Server: cloudflare[\r][\n]"
14:14:29.230 [main] DEBUG org.apache.http.wire --  << "CF-RAY: 8ba3e0c48eb49708-AMS[\r][\n]"
14:14:29.230 [main] DEBUG org.apache.http.wire --  << "alt-svc: h3=":443"; ma=86400[\r][\n]"
14:14:29.230 [main] DEBUG org.apache.http.wire --  << "[\r][\n]"
14:14:29.230 [main] DEBUG org.apache.http.impl.conn.DefaultClientConnection -- Receiving response: HTTP/1.1 202 Accepted
14:14:29.230 [main] DEBUG org.apache.http.headers -- << HTTP/1.1 202 Accepted
14:14:29.230 [main] DEBUG org.apache.http.headers -- << Date: Wed, 28 Aug 2024 11:14:29 GMT
14:14:29.230 [main] DEBUG org.apache.http.headers -- << Content-Type: application/json; charset=utf-8
14:14:29.230 [main] DEBUG org.apache.http.headers -- << Content-Length: 54
14:14:29.230 [main] DEBUG org.apache.http.headers -- << Connection: keep-alive
14:14:29.230 [main] DEBUG org.apache.http.headers -- << X-Powered-By: Express
14:14:29.230 [main] DEBUG org.apache.http.headers -- << Access-Control-Allow-Origin: *
14:14:29.230 [main] DEBUG org.apache.http.headers -- << ETag: W/"36-hDmZnQ3Ou/ynnqAeC6TYmyseuzY"
14:14:29.230 [main] DEBUG org.apache.http.headers -- << CF-Cache-Status: DYNAMIC
14:14:29.230 [main] DEBUG org.apache.http.headers -- << Report-To: {"endpoints":[{"url":"https:\/\/a.nel.cloudflare.com\/report\/v4?s=hDH03C2jYuM06umL5JzxHadpb1cCvHHgX457QAsFCOKVeC0EnC1E2WwpveqCi0%2FKP3CcKOWVGSXdnWkRMSJPUFdlMqqT9kqvqfp%2B9lVVNk6FyjHD5IqEi28JvQdPCrknnjmSgH5f0SW%2Badd4ygcIBWup9%2FI%3D"}],"group":"cf-nel","max_age":604800}
14:14:29.230 [main] DEBUG org.apache.http.headers -- << NEL: {"success_fraction":0,"report_to":"cf-nel","max_age":604800}
14:14:29.230 [main] DEBUG org.apache.http.headers -- << Server: cloudflare
14:14:29.230 [main] DEBUG org.apache.http.headers -- << CF-RAY: 8ba3e0c48eb49708-AMS
14:14:29.230 [main] DEBUG org.apache.http.headers -- << alt-svc: h3=":443"; ma=86400
14:14:29.231 [main] DEBUG org.apache.http.impl.client.DefaultHttpClient -- Connection can be kept alive indefinitely
14:14:29.231 [main] DEBUG io.restassured.internal.RestAssuredHttpBuilder -- Parsing response as: application/json; charset=utf-8
14:14:29.231 [main] DEBUG io.restassured.internal.RestAssuredHttpBuilder -- Parsed data to instance of: class org.apache.http.conn.EofSensorInputStream
]]></system-out>
    <system-err><![CDATA[авг. 28, 2024 2:14:23 PM org.openqa.selenium.devtools.CdpVersionFinder findNearestMatch
WARNING: Unable to find an exact match for CDP version 128, returning the closest version; found: 126; Please update to a Selenium version that supports CDP version 128
]]></system-err>
  </testcase>
  <testcase name="loginTest[2]" classname="LoginTest" time="6.023">
    <system-out><![CDATA[14:14:32.485 [main] DEBUG org.apache.http.impl.conn.BasicClientConnectionManager -- Get connection for route {s}->https://stellarburgers.nomoreparties.site:443
14:14:32.485 [main] DEBUG org.apache.http.impl.conn.DefaultClientConnectionOperator -- Connecting to stellarburgers.nomoreparties.site:443
14:14:32.592 [main] DEBUG org.apache.http.client.protocol.RequestAddCookies -- CookieSpec selected: ignoreCookies
14:14:32.592 [main] DEBUG org.apache.http.client.protocol.RequestAuthCache -- Auth cache not set in the context
14:14:32.592 [main] DEBUG org.apache.http.client.protocol.RequestTargetAuthentication -- Target auth state: UNCHALLENGED
14:14:32.592 [main] DEBUG org.apache.http.client.protocol.RequestProxyAuthentication -- Proxy auth state: UNCHALLENGED
14:14:32.592 [main] DEBUG org.apache.http.impl.client.DefaultHttpClient -- Attempt 1 to execute request
14:14:32.592 [main] DEBUG org.apache.http.impl.conn.DefaultClientConnection -- Sending request: POST /api/auth/register HTTP/1.1
14:14:32.592 [main] DEBUG org.apache.http.wire --  >> "POST /api/auth/register HTTP/1.1[\r][\n]"
14:14:32.592 [main] DEBUG org.apache.http.wire --  >> "Accept: */*[\r][\n]"
14:14:32.592 [main] DEBUG org.apache.http.wire --  >> "Content-Type: application/json[\r][\n]"
14:14:32.592 [main] DEBUG org.apache.http.wire --  >> "Content-Length: 67[\r][\n]"
14:14:32.592 [main] DEBUG org.apache.http.wire --  >> "Host: stellarburgers.nomoreparties.site[\r][\n]"
14:14:32.592 [main] DEBUG org.apache.http.wire --  >> "Connection: Keep-Alive[\r][\n]"
14:14:32.592 [main] DEBUG org.apache.http.wire --  >> "User-Agent: Apache-HttpClient/4.5.13 (Java/22.0.1)[\r][\n]"
14:14:32.592 [main] DEBUG org.apache.http.wire --  >> "Accept-Encoding: gzip,deflate[\r][\n]"
14:14:32.592 [main] DEBUG org.apache.http.wire --  >> "[\r][\n]"
14:14:32.592 [main] DEBUG org.apache.http.headers -- >> POST /api/auth/register HTTP/1.1
14:14:32.592 [main] DEBUG org.apache.http.headers -- >> Accept: */*
14:14:32.592 [main] DEBUG org.apache.http.headers -- >> Content-Type: application/json
14:14:32.592 [main] DEBUG org.apache.http.headers -- >> Content-Length: 67
14:14:32.592 [main] DEBUG org.apache.http.headers -- >> Host: stellarburgers.nomoreparties.site
14:14:32.592 [main] DEBUG org.apache.http.headers -- >> Connection: Keep-Alive
14:14:32.592 [main] DEBUG org.apache.http.headers -- >> User-Agent: Apache-HttpClient/4.5.13 (Java/22.0.1)
14:14:32.592 [main] DEBUG org.apache.http.headers -- >> Accept-Encoding: gzip,deflate
14:14:32.592 [main] DEBUG org.apache.http.wire --  >> "{"name":"GVgMRKCBAg","email":"iboxi@eceo.ru","password":"HMwSzPXj"}"
14:14:32.759 [main] DEBUG org.apache.http.wire --  << "HTTP/1.1 200 OK[\r][\n]"
14:14:32.759 [main] DEBUG org.apache.http.wire --  << "Date: Wed, 28 Aug 2024 11:14:33 GMT[\r][\n]"
14:14:32.759 [main] DEBUG org.apache.http.wire --  << "Content-Type: application/json; charset=utf-8[\r][\n]"
14:14:32.759 [main] DEBUG org.apache.http.wire --  << "Transfer-Encoding: chunked[\r][\n]"
14:14:32.759 [main] DEBUG org.apache.http.wire --  << "Connection: keep-alive[\r][\n]"
14:14:32.759 [main] DEBUG org.apache.http.wire --  << "X-Powered-By: Express[\r][\n]"
14:14:32.759 [main] DEBUG org.apache.http.wire --  << "Access-Control-Allow-Origin: *[\r][\n]"
14:14:32.759 [main] DEBUG org.apache.http.wire --  << "authorization: Bearer eyJhbGciOiJIUzI1NiIsInR5cCI6IkpXVCJ9.eyJpZCI6IjY2Y2YwNjk5OWVkMjgwMDAxYjRhMjg2NSIsImlhdCI6MTcyNDg0MzY3MywiZXhwIjoxNzI0ODQ0ODczfQ.mA7VyLQIehVWG0Vswn0LgHA0_3IFe44eGjDUaoBHitk[\r][\n]"
14:14:32.759 [main] DEBUG org.apache.http.wire --  << "ETag: W/"16a-0wTSYKvsSMNerxDyY6j/S4z3sWI"[\r][\n]"
14:14:32.759 [main] DEBUG org.apache.http.wire --  << "CF-Cache-Status: DYNAMIC[\r][\n]"
14:14:32.759 [main] DEBUG org.apache.http.wire --  << "Report-To: {"endpoints":[{"url":"https:\/\/a.nel.cloudflare.com\/report\/v4?s=b184Fkqu7cAG%2BkkjGlOzOsT8H4pfo%2F3doK0dde2fAbaSTuMMbQJsf55MjDazwO87WsY5DjYtai45IjSYs0Z%2FApk0jg4wJGSPnQffUUvJmnil2a13Ei54LSemm%2BWqCvYSkHekgBZNMbr9WBhNWrJrNbo8GlE%3D"}],"group":"cf-nel","max_age":604800}[\r][\n]"
14:14:32.759 [main] DEBUG org.apache.http.wire --  << "NEL: {"success_fraction":0,"report_to":"cf-nel","max_age":604800}[\r][\n]"
14:14:32.759 [main] DEBUG org.apache.http.wire --  << "Server: cloudflare[\r][\n]"
14:14:32.759 [main] DEBUG org.apache.http.wire --  << "CF-RAY: 8ba3e0dd1bf7903a-FRA[\r][\n]"
14:14:32.759 [main] DEBUG org.apache.http.wire --  << "Content-Encoding: gzip[\r][\n]"
14:14:32.759 [main] DEBUG org.apache.http.wire --  << "alt-svc: h3=":443"; ma=86400[\r][\n]"
14:14:32.759 [main] DEBUG org.apache.http.wire --  << "[\r][\n]"
14:14:32.759 [main] DEBUG org.apache.http.impl.conn.DefaultClientConnection -- Receiving response: HTTP/1.1 200 OK
14:14:32.759 [main] DEBUG org.apache.http.headers -- << HTTP/1.1 200 OK
14:14:32.759 [main] DEBUG org.apache.http.headers -- << Date: Wed, 28 Aug 2024 11:14:33 GMT
14:14:32.759 [main] DEBUG org.apache.http.headers -- << Content-Type: application/json; charset=utf-8
14:14:32.759 [main] DEBUG org.apache.http.headers -- << Transfer-Encoding: chunked
14:14:32.759 [main] DEBUG org.apache.http.headers -- << Connection: keep-alive
14:14:32.759 [main] DEBUG org.apache.http.headers -- << X-Powered-By: Express
14:14:32.759 [main] DEBUG org.apache.http.headers -- << Access-Control-Allow-Origin: *
14:14:32.759 [main] DEBUG org.apache.http.headers -- << authorization: Bearer eyJhbGciOiJIUzI1NiIsInR5cCI6IkpXVCJ9.eyJpZCI6IjY2Y2YwNjk5OWVkMjgwMDAxYjRhMjg2NSIsImlhdCI6MTcyNDg0MzY3MywiZXhwIjoxNzI0ODQ0ODczfQ.mA7VyLQIehVWG0Vswn0LgHA0_3IFe44eGjDUaoBHitk
14:14:32.759 [main] DEBUG org.apache.http.headers -- << ETag: W/"16a-0wTSYKvsSMNerxDyY6j/S4z3sWI"
14:14:32.759 [main] DEBUG org.apache.http.headers -- << CF-Cache-Status: DYNAMIC
14:14:32.759 [main] DEBUG org.apache.http.headers -- << Report-To: {"endpoints":[{"url":"https:\/\/a.nel.cloudflare.com\/report\/v4?s=b184Fkqu7cAG%2BkkjGlOzOsT8H4pfo%2F3doK0dde2fAbaSTuMMbQJsf55MjDazwO87WsY5DjYtai45IjSYs0Z%2FApk0jg4wJGSPnQffUUvJmnil2a13Ei54LSemm%2BWqCvYSkHekgBZNMbr9WBhNWrJrNbo8GlE%3D"}],"group":"cf-nel","max_age":604800}
14:14:32.759 [main] DEBUG org.apache.http.headers -- << NEL: {"success_fraction":0,"report_to":"cf-nel","max_age":604800}
14:14:32.759 [main] DEBUG org.apache.http.headers -- << Server: cloudflare
14:14:32.759 [main] DEBUG org.apache.http.headers -- << CF-RAY: 8ba3e0dd1bf7903a-FRA
14:14:32.759 [main] DEBUG org.apache.http.headers -- << Content-Encoding: gzip
14:14:32.759 [main] DEBUG org.apache.http.headers -- << alt-svc: h3=":443"; ma=86400
14:14:32.759 [main] DEBUG org.apache.http.impl.client.DefaultHttpClient -- Connection can be kept alive indefinitely
14:14:32.759 [main] DEBUG io.restassured.internal.RestAssuredHttpBuilder -- Parsing response as: application/json; charset=utf-8
14:14:32.759 [main] DEBUG org.apache.http.wire --  << "144[\r][\n]"
14:14:32.759 [main] DEBUG org.apache.http.wire --  << "[0x1f][0x8b][0x8][0x0][0x0][0x0][0x0][0x0][0x0][0x3]4[0x8f][0xcd]n[0x82]@[0x18][0x0]_[0xa5][0xf9][0xce][0xc6],[0xb0][0xb][0xc2][0xa9]*).[0x15][0x8c]VQ[0xbc]4[0xcb][0xf2][0xf1][0xab]b[0xd8][0x1a][0x4][0xe3][0xbb]76[0xe9]u&[0x99]d[0x1e][0xa0]nR[0xa2]R[0xe0][0xfc][0xb4]7[0x1c][0xc1]Ma[0xb][0xce][0x3][0xf0],[0xca][0x13]8P&[0xcd][0xbd]|G[0x89][0xcd][0xb8][0xbd][0xc1][0x8].[0xe2][0x8c][0xe0][0x80][0x17][0xe5][0xc1][0xe6]s>[0x9b][0xe6][0xf0][0x1c][0x81][0xf8]Kl[0x9b][0x1a]/[0xe0][0xc0][0xc]E[0x8b][0xed][0x1b][0xf6]~[0x91]x[0xb2]\[0x95]>[0xdf][\r]\[0xb]K[0xae][0xf8]e[0xc3][0xe4][0x9c][0x9b][0xbc][0xbe][0x1e][0xa2][0xb9]o[0x8f][0xb1][0xf7][0xaf][0xc7][0x17][0xa8]b=[0xd6][0xe3].[0xac]j[0xb6][0xda]GuP[0xe5]][0xe0]N[0xef]q[0xb5])[0x82]*[0xd7][0xc3]/[0xae][0xf8][0xf9]T[0xa4]sn[0x6][[0xd9][0x87]nN[0x82]!6[0x82][0xbe]+[0x8f][0x87][0xa2][0xe3]Us[0xf][0x7]NV[0xee][0x9a][0xac]\9d[0xeb][0xf1]yjE[0xfd]r[0xcd][0xb1][0x88][0xf6][0x1e][0x89]Tw![0xcb]|1%[0xdf][0x6][0xff]@J[0xd1][0xab][0xdc][0x9d]hf[0x8b][0xf2][0xa7][0x86][0x11][0xb4][0x98][0xb5][0xa8][0x8a][0xff][0x7][0x9b][0xa4][0x82][0xa1][0xd0][0xa4]0[0x93][0x8c][0x89][0x14]S[0xa1]SJ[0x18][0xcd][0x12]j[0x8][0xaa][0x99][0x93]Tf[0x9]a[0x1a][0xb1][0x88]9![0xcc][0xb6]%[0x12]9[0xb1]4f[0x8][\r][0xd3][0xc9][0xcb]S[0x1b]YbX[0xcc][0x96][0xb6][0xe][0xcf]_[0x0][0x0][0x0][0xff][0xff][0x3][0x0]-^90j[0x1][0x0][0x0]"
14:14:32.759 [main] DEBUG org.apache.http.wire --  << "[\r][\n]"
14:14:32.759 [main] DEBUG org.apache.http.wire --  << "0[\r][\n]"
14:14:32.759 [main] DEBUG org.apache.http.wire --  << "[\r][\n]"
14:14:32.759 [main] DEBUG io.restassured.internal.RestAssuredHttpBuilder -- Parsed data to instance of: class org.apache.http.conn.EofSensorInputStream
14:14:34.027 [main] DEBUG org.apache.http.impl.conn.BasicClientConnectionManager -- Get connection for route {s}->https://stellarburgers.nomoreparties.site:443
14:14:34.027 [main] DEBUG org.apache.http.impl.conn.DefaultClientConnectionOperator -- Connecting to stellarburgers.nomoreparties.site:443
14:14:34.315 [main] DEBUG org.apache.http.client.protocol.RequestAddCookies -- CookieSpec selected: ignoreCookies
14:14:34.315 [main] DEBUG org.apache.http.client.protocol.RequestAuthCache -- Auth cache not set in the context
14:14:34.315 [main] DEBUG org.apache.http.client.protocol.RequestTargetAuthentication -- Target auth state: UNCHALLENGED
14:14:34.315 [main] DEBUG org.apache.http.client.protocol.RequestProxyAuthentication -- Proxy auth state: UNCHALLENGED
14:14:34.315 [main] DEBUG org.apache.http.impl.client.DefaultHttpClient -- Attempt 1 to execute request
14:14:34.315 [main] DEBUG org.apache.http.impl.conn.DefaultClientConnection -- Sending request: POST /api/auth/login HTTP/1.1
14:14:34.315 [main] DEBUG org.apache.http.wire --  >> "POST /api/auth/login HTTP/1.1[\r][\n]"
14:14:34.315 [main] DEBUG org.apache.http.wire --  >> "Accept: */*[\r][\n]"
14:14:34.315 [main] DEBUG org.apache.http.wire --  >> "Content-Type: application/json[\r][\n]"
14:14:34.315 [main] DEBUG org.apache.http.wire --  >> "Content-Length: 67[\r][\n]"
14:14:34.315 [main] DEBUG org.apache.http.wire --  >> "Host: stellarburgers.nomoreparties.site[\r][\n]"
14:14:34.315 [main] DEBUG org.apache.http.wire --  >> "Connection: Keep-Alive[\r][\n]"
14:14:34.315 [main] DEBUG org.apache.http.wire --  >> "User-Agent: Apache-HttpClient/4.5.13 (Java/22.0.1)[\r][\n]"
14:14:34.315 [main] DEBUG org.apache.http.wire --  >> "Accept-Encoding: gzip,deflate[\r][\n]"
14:14:34.315 [main] DEBUG org.apache.http.wire --  >> "[\r][\n]"
14:14:34.315 [main] DEBUG org.apache.http.headers -- >> POST /api/auth/login HTTP/1.1
14:14:34.315 [main] DEBUG org.apache.http.headers -- >> Accept: */*
14:14:34.315 [main] DEBUG org.apache.http.headers -- >> Content-Type: application/json
14:14:34.315 [main] DEBUG org.apache.http.headers -- >> Content-Length: 67
14:14:34.315 [main] DEBUG org.apache.http.headers -- >> Host: stellarburgers.nomoreparties.site
14:14:34.315 [main] DEBUG org.apache.http.headers -- >> Connection: Keep-Alive
14:14:34.315 [main] DEBUG org.apache.http.headers -- >> User-Agent: Apache-HttpClient/4.5.13 (Java/22.0.1)
14:14:34.315 [main] DEBUG org.apache.http.headers -- >> Accept-Encoding: gzip,deflate
14:14:34.315 [main] DEBUG org.apache.http.wire --  >> "{"name":"GVgMRKCBAg","email":"iboxi@eceo.ru","password":"HMwSzPXj"}"
14:14:34.554 [main] DEBUG org.apache.http.wire --  << "HTTP/1.1 200 OK[\r][\n]"
14:14:34.554 [main] DEBUG org.apache.http.wire --  << "Date: Wed, 28 Aug 2024 11:14:35 GMT[\r][\n]"
14:14:34.554 [main] DEBUG org.apache.http.wire --  << "Content-Type: application/json; charset=utf-8[\r][\n]"
14:14:34.554 [main] DEBUG org.apache.http.wire --  << "Transfer-Encoding: chunked[\r][\n]"
14:14:34.554 [main] DEBUG org.apache.http.wire --  << "Connection: keep-alive[\r][\n]"
14:14:34.554 [main] DEBUG org.apache.http.wire --  << "X-Powered-By: Express[\r][\n]"
14:14:34.554 [main] DEBUG org.apache.http.wire --  << "Access-Control-Allow-Origin: *[\r][\n]"
14:14:34.554 [main] DEBUG org.apache.http.wire --  << "ETag: W/"16a-Uwlv4q0REP7FoiDsaCMLqXFGKzc"[\r][\n]"
14:14:34.554 [main] DEBUG org.apache.http.wire --  << "CF-Cache-Status: DYNAMIC[\r][\n]"
14:14:34.554 [main] DEBUG org.apache.http.wire --  << "Report-To: {"endpoints":[{"url":"https:\/\/a.nel.cloudflare.com\/report\/v4?s=LuovctNikvlih%2FRC8iq%2Fr5ucsES1UYB0g3pPNfa7nYLVCBuDxX54Fpl8GYMnZLVHfeeCxhzt2kdJje6yAiLagoqPSpOmobVGJ%2B0TMepVwqw127Bn4mYslR3RPMxfX0TtpHY8GTVQbG4iOkQty%2F5u6cP0SPo%3D"}],"group":"cf-nel","max_age":604800}[\r][\n]"
14:14:34.554 [main] DEBUG org.apache.http.wire --  << "NEL: {"success_fraction":0,"report_to":"cf-nel","max_age":604800}[\r][\n]"
14:14:34.554 [main] DEBUG org.apache.http.wire --  << "Server: cloudflare[\r][\n]"
14:14:34.554 [main] DEBUG org.apache.http.wire --  << "CF-RAY: 8ba3e0e85fac0a7b-AMS[\r][\n]"
14:14:34.554 [main] DEBUG org.apache.http.wire --  << "Content-Encoding: gzip[\r][\n]"
14:14:34.554 [main] DEBUG org.apache.http.wire --  << "alt-svc: h3=":443"; ma=86400[\r][\n]"
14:14:34.554 [main] DEBUG org.apache.http.wire --  << "[\r][\n]"
14:14:34.554 [main] DEBUG org.apache.http.impl.conn.DefaultClientConnection -- Receiving response: HTTP/1.1 200 OK
14:14:34.554 [main] DEBUG org.apache.http.headers -- << HTTP/1.1 200 OK
14:14:34.554 [main] DEBUG org.apache.http.headers -- << Date: Wed, 28 Aug 2024 11:14:35 GMT
14:14:34.554 [main] DEBUG org.apache.http.headers -- << Content-Type: application/json; charset=utf-8
14:14:34.554 [main] DEBUG org.apache.http.headers -- << Transfer-Encoding: chunked
14:14:34.554 [main] DEBUG org.apache.http.headers -- << Connection: keep-alive
14:14:34.554 [main] DEBUG org.apache.http.headers -- << X-Powered-By: Express
14:14:34.554 [main] DEBUG org.apache.http.headers -- << Access-Control-Allow-Origin: *
14:14:34.554 [main] DEBUG org.apache.http.headers -- << ETag: W/"16a-Uwlv4q0REP7FoiDsaCMLqXFGKzc"
14:14:34.554 [main] DEBUG org.apache.http.headers -- << CF-Cache-Status: DYNAMIC
14:14:34.554 [main] DEBUG org.apache.http.headers -- << Report-To: {"endpoints":[{"url":"https:\/\/a.nel.cloudflare.com\/report\/v4?s=LuovctNikvlih%2FRC8iq%2Fr5ucsES1UYB0g3pPNfa7nYLVCBuDxX54Fpl8GYMnZLVHfeeCxhzt2kdJje6yAiLagoqPSpOmobVGJ%2B0TMepVwqw127Bn4mYslR3RPMxfX0TtpHY8GTVQbG4iOkQty%2F5u6cP0SPo%3D"}],"group":"cf-nel","max_age":604800}
14:14:34.554 [main] DEBUG org.apache.http.headers -- << NEL: {"success_fraction":0,"report_to":"cf-nel","max_age":604800}
14:14:34.554 [main] DEBUG org.apache.http.headers -- << Server: cloudflare
14:14:34.554 [main] DEBUG org.apache.http.headers -- << CF-RAY: 8ba3e0e85fac0a7b-AMS
14:14:34.554 [main] DEBUG org.apache.http.headers -- << Content-Encoding: gzip
14:14:34.554 [main] DEBUG org.apache.http.headers -- << alt-svc: h3=":443"; ma=86400
14:14:34.554 [main] DEBUG org.apache.http.impl.client.DefaultHttpClient -- Connection can be kept alive indefinitely
14:14:34.555 [main] DEBUG io.restassured.internal.RestAssuredHttpBuilder -- Parsing response as: application/json; charset=utf-8
14:14:34.555 [main] DEBUG org.apache.http.wire --  << "144[\r][\n]"
14:14:34.555 [main] DEBUG org.apache.http.wire --  << "[0x1f][0x8b][0x8][0x0][0x0][0x0][0x0][0x0][0x0][0x3]4[0xcf][0xcb]n[0x82]@[0x14][0x80][0xe1]Wi[0xce][0x1a][0xcd]0r_U[0xc1][0x98][0xc1][0x0][0x5][0xad][0x15]v0[0x1c][0xae][0x2]-[0x94][0x80][0x18][0xdf][0xbd]i[0x93].[0xff]o[0xf7]?`[0x18]9[0xc7]a[0x0][0xe3][0xbb][0x1f]Q[0x80][0xf8][0xaf][0xce]][0x8d]-[0x18][0xb0][0xc3][0xb8][0xc7][0xfe][0x5][0xef]v[0x91][0x1c]x[0xe9][0x95]6{_[0x98][0xe8][0x96]l`m s[0x93])[0xac][0xfe][0xbc]^L[_[0xe3][0xdd][0xfe][0x8c]~[0xa1][\n]"
14:14:34.555 [main] DEBUG org.apache.http.wire --  << "iH[0xc3][0xc9][0xad]j[0xd9][0xfb][0xb8][0xd4]N[0x95]O[0x8e][0xb5][0x9d][0xc3]*([0x9c]*[0xa7][0xee][0x89][\r][0xac][0xb9][0x15][0xa9][0xc9][0x14][0xe7][0xcc][0xef][0xae][0x95][0x13]g[0x9]7[0xee]i*[0xa3]k1[0xb1][0xaa][0x9b][0xdd][0x85][0x11][0xcf][0xf2][0x89]gq1[0xf3][0xd7]5[0x16]spj[0x97][0xfd]* s[0xbf]u[0xde][0xb8]Z[0x1f][0xcd][0xa5][0xa9]Q[0x8c][0xbe]|[0x87]*[0xfe][0xbe]#[0xdb][0x96][0xad]"[\r][0x4][0xe8]1[0xeb]q([0xfe][0x1f]x[0x9a]Q[0x85]d[0x12]%[0x84]$[0xfa]F[0xe4][0xb2]Fu[0x8c]3QK[0xa8]$ID#[0x89][0xc4]SUW7[0xb1],r)&[0xa9].[0xa9]HDe[0xc3][0xb3][0x94]kTW%[0x92][0xf2],[0xd1]U][0xd4]25[0x1][0x1][0xc6][0x1]{0[0x1e][0x80]M\[0xde][0xc0][0x80]2[0xe9][0xe6][0xf2][0x15]9v[0xeb]~[0x4][0x1][0xda][0xb8]A0[0xe0]p[0xc9][0x9d][0xe0]h[0xee][0xb6]9<[0x9f]?[0x0][0x0][0x0][0xff][0xff][0x3][0x0]KJ[0x8][0xf2]j[0x1][0x0][0x0]"
14:14:34.555 [main] DEBUG org.apache.http.wire --  << "[\r][\n]"
14:14:34.555 [main] DEBUG org.apache.http.wire --  << "0[\r][\n]"
14:14:34.555 [main] DEBUG org.apache.http.wire --  << "[\r][\n]"
14:14:34.555 [main] DEBUG io.restassured.internal.RestAssuredHttpBuilder -- Parsed data to instance of: class org.apache.http.conn.EofSensorInputStream
14:14:34.556 [main] DEBUG org.apache.http.impl.conn.BasicClientConnectionManager -- Releasing connection org.apache.http.impl.conn.ManagedClientConnectionImpl@2d487df4
14:14:34.556 [main] DEBUG org.apache.http.impl.conn.BasicClientConnectionManager -- Connection can be kept alive indefinitely
14:14:34.579 [main] DEBUG org.apache.http.impl.conn.BasicClientConnectionManager -- Get connection for route {s}->https://stellarburgers.nomoreparties.site:443
14:14:34.579 [main] DEBUG org.apache.http.impl.conn.DefaultClientConnectionOperator -- Connecting to stellarburgers.nomoreparties.site:443
14:14:34.736 [main] DEBUG org.apache.http.client.protocol.RequestAddCookies -- CookieSpec selected: ignoreCookies
14:14:34.736 [main] DEBUG org.apache.http.client.protocol.RequestAuthCache -- Auth cache not set in the context
14:14:34.736 [main] DEBUG org.apache.http.client.protocol.RequestProxyAuthentication -- Proxy auth state: UNCHALLENGED
14:14:34.736 [main] DEBUG org.apache.http.impl.client.DefaultHttpClient -- Attempt 1 to execute request
14:14:34.736 [main] DEBUG org.apache.http.impl.conn.DefaultClientConnection -- Sending request: DELETE /api/auth/user HTTP/1.1
14:14:34.736 [main] DEBUG org.apache.http.wire --  >> "DELETE /api/auth/user HTTP/1.1[\r][\n]"
14:14:34.736 [main] DEBUG org.apache.http.wire --  >> "Authorization: Bearer eyJhbGciOiJIUzI1NiIsInR5cCI6IkpXVCJ9.eyJpZCI6IjY2Y2YwNjk5OWVkMjgwMDAxYjRhMjg2NSIsImlhdCI6MTcyNDg0MzY3NSwiZXhwIjoxNzI0ODQ0ODc1fQ.kehxRSnzE-R0xrAMPc7kKCzmke1ZqQM26QEo0AnI-Z8[\r][\n]"
14:14:34.736 [main] DEBUG org.apache.http.wire --  >> "Accept: */*[\r][\n]"
14:14:34.736 [main] DEBUG org.apache.http.wire --  >> "Content-Type: application/json[\r][\n]"
14:14:34.736 [main] DEBUG org.apache.http.wire --  >> "Content-Length: 67[\r][\n]"
14:14:34.736 [main] DEBUG org.apache.http.wire --  >> "Host: stellarburgers.nomoreparties.site[\r][\n]"
14:14:34.736 [main] DEBUG org.apache.http.wire --  >> "Connection: Keep-Alive[\r][\n]"
14:14:34.736 [main] DEBUG org.apache.http.wire --  >> "User-Agent: Apache-HttpClient/4.5.13 (Java/22.0.1)[\r][\n]"
14:14:34.736 [main] DEBUG org.apache.http.wire --  >> "Accept-Encoding: gzip,deflate[\r][\n]"
14:14:34.736 [main] DEBUG org.apache.http.wire --  >> "[\r][\n]"
14:14:34.736 [main] DEBUG org.apache.http.headers -- >> DELETE /api/auth/user HTTP/1.1
14:14:34.736 [main] DEBUG org.apache.http.headers -- >> Authorization: Bearer eyJhbGciOiJIUzI1NiIsInR5cCI6IkpXVCJ9.eyJpZCI6IjY2Y2YwNjk5OWVkMjgwMDAxYjRhMjg2NSIsImlhdCI6MTcyNDg0MzY3NSwiZXhwIjoxNzI0ODQ0ODc1fQ.kehxRSnzE-R0xrAMPc7kKCzmke1ZqQM26QEo0AnI-Z8
14:14:34.736 [main] DEBUG org.apache.http.headers -- >> Accept: */*
14:14:34.736 [main] DEBUG org.apache.http.headers -- >> Content-Type: application/json
14:14:34.736 [main] DEBUG org.apache.http.headers -- >> Content-Length: 67
14:14:34.736 [main] DEBUG org.apache.http.headers -- >> Host: stellarburgers.nomoreparties.site
14:14:34.736 [main] DEBUG org.apache.http.headers -- >> Connection: Keep-Alive
14:14:34.736 [main] DEBUG org.apache.http.headers -- >> User-Agent: Apache-HttpClient/4.5.13 (Java/22.0.1)
14:14:34.736 [main] DEBUG org.apache.http.headers -- >> Accept-Encoding: gzip,deflate
14:14:34.736 [main] DEBUG org.apache.http.wire --  >> "{"name":"GVgMRKCBAg","email":"iboxi@eceo.ru","password":"HMwSzPXj"}"
14:14:35.261 [main] DEBUG org.apache.http.wire --  << "HTTP/1.1 202 Accepted[\r][\n]"
14:14:35.261 [main] DEBUG org.apache.http.wire --  << "Date: Wed, 28 Aug 2024 11:14:35 GMT[\r][\n]"
14:14:35.261 [main] DEBUG org.apache.http.wire --  << "Content-Type: application/json; charset=utf-8[\r][\n]"
14:14:35.261 [main] DEBUG org.apache.http.wire --  << "Content-Length: 54[\r][\n]"
14:14:35.261 [main] DEBUG org.apache.http.wire --  << "Connection: keep-alive[\r][\n]"
14:14:35.261 [main] DEBUG org.apache.http.wire --  << "X-Powered-By: Express[\r][\n]"
14:14:35.261 [main] DEBUG org.apache.http.wire --  << "Access-Control-Allow-Origin: *[\r][\n]"
14:14:35.261 [main] DEBUG org.apache.http.wire --  << "ETag: W/"36-hDmZnQ3Ou/ynnqAeC6TYmyseuzY"[\r][\n]"
14:14:35.261 [main] DEBUG org.apache.http.wire --  << "CF-Cache-Status: DYNAMIC[\r][\n]"
14:14:35.261 [main] DEBUG org.apache.http.wire --  << "Report-To: {"endpoints":[{"url":"https:\/\/a.nel.cloudflare.com\/report\/v4?s=YW%2BOpRKNubhw8XM%2FolSYK0kGS6Op8livU78bP6B9uscV0HyFYnK0kgLfb0uoBoyFd16G26m%2FraHwlUg%2BW7SvCrX9FtT9%2B6X9%2F76miPihaCNArF8NJ26nYBsKmYIEIg58Qemrs98UE7mygR%2BA7MkGkma10X0%3D"}],"group":"cf-nel","max_age":604800}[\r][\n]"
14:14:35.261 [main] DEBUG org.apache.http.wire --  << "NEL: {"success_fraction":0,"report_to":"cf-nel","max_age":604800}[\r][\n]"
14:14:35.263 [main] DEBUG org.apache.http.wire --  << "Server: cloudflare[\r][\n]"
14:14:35.263 [main] DEBUG org.apache.http.wire --  << "CF-RAY: 8ba3e0ea9e2a2bb6-FRA[\r][\n]"
14:14:35.263 [main] DEBUG org.apache.http.wire --  << "alt-svc: h3=":443"; ma=86400[\r][\n]"
14:14:35.263 [main] DEBUG org.apache.http.wire --  << "[\r][\n]"
14:14:35.263 [main] DEBUG org.apache.http.impl.conn.DefaultClientConnection -- Receiving response: HTTP/1.1 202 Accepted
14:14:35.263 [main] DEBUG org.apache.http.headers -- << HTTP/1.1 202 Accepted
14:14:35.263 [main] DEBUG org.apache.http.headers -- << Date: Wed, 28 Aug 2024 11:14:35 GMT
14:14:35.263 [main] DEBUG org.apache.http.headers -- << Content-Type: application/json; charset=utf-8
14:14:35.263 [main] DEBUG org.apache.http.headers -- << Content-Length: 54
14:14:35.263 [main] DEBUG org.apache.http.headers -- << Connection: keep-alive
14:14:35.263 [main] DEBUG org.apache.http.headers -- << X-Powered-By: Express
14:14:35.263 [main] DEBUG org.apache.http.headers -- << Access-Control-Allow-Origin: *
14:14:35.263 [main] DEBUG org.apache.http.headers -- << ETag: W/"36-hDmZnQ3Ou/ynnqAeC6TYmyseuzY"
14:14:35.263 [main] DEBUG org.apache.http.headers -- << CF-Cache-Status: DYNAMIC
14:14:35.263 [main] DEBUG org.apache.http.headers -- << Report-To: {"endpoints":[{"url":"https:\/\/a.nel.cloudflare.com\/report\/v4?s=YW%2BOpRKNubhw8XM%2FolSYK0kGS6Op8livU78bP6B9uscV0HyFYnK0kgLfb0uoBoyFd16G26m%2FraHwlUg%2BW7SvCrX9FtT9%2B6X9%2F76miPihaCNArF8NJ26nYBsKmYIEIg58Qemrs98UE7mygR%2BA7MkGkma10X0%3D"}],"group":"cf-nel","max_age":604800}
14:14:35.263 [main] DEBUG org.apache.http.headers -- << NEL: {"success_fraction":0,"report_to":"cf-nel","max_age":604800}
14:14:35.263 [main] DEBUG org.apache.http.headers -- << Server: cloudflare
14:14:35.263 [main] DEBUG org.apache.http.headers -- << CF-RAY: 8ba3e0ea9e2a2bb6-FRA
14:14:35.263 [main] DEBUG org.apache.http.headers -- << alt-svc: h3=":443"; ma=86400
14:14:35.263 [main] DEBUG org.apache.http.impl.client.DefaultHttpClient -- Connection can be kept alive indefinitely
14:14:35.263 [main] DEBUG io.restassured.internal.RestAssuredHttpBuilder -- Parsing response as: application/json; charset=utf-8
14:14:35.263 [main] DEBUG io.restassured.internal.RestAssuredHttpBuilder -- Parsed data to instance of: class org.apache.http.conn.EofSensorInputStream
]]></system-out>
    <system-err><![CDATA[авг. 28, 2024 2:14:30 PM org.openqa.selenium.devtools.CdpVersionFinder findNearestMatch
WARNING: Unable to find an exact match for CDP version 128, returning the closest version; found: 126; Please update to a Selenium version that supports CDP version 128
]]></system-err>
  </testcase>
  <testcase name="loginTest[3]" classname="LoginTest" time="5.932">
    <system-out><![CDATA[14:14:38.506 [main] DEBUG org.apache.http.impl.conn.BasicClientConnectionManager -- Get connection for route {s}->https://stellarburgers.nomoreparties.site:443
14:14:38.507 [main] DEBUG org.apache.http.impl.conn.DefaultClientConnectionOperator -- Connecting to stellarburgers.nomoreparties.site:443
14:14:38.625 [main] DEBUG org.apache.http.client.protocol.RequestAddCookies -- CookieSpec selected: ignoreCookies
14:14:38.625 [main] DEBUG org.apache.http.client.protocol.RequestAuthCache -- Auth cache not set in the context
14:14:38.625 [main] DEBUG org.apache.http.client.protocol.RequestTargetAuthentication -- Target auth state: UNCHALLENGED
14:14:38.625 [main] DEBUG org.apache.http.client.protocol.RequestProxyAuthentication -- Proxy auth state: UNCHALLENGED
14:14:38.625 [main] DEBUG org.apache.http.impl.client.DefaultHttpClient -- Attempt 1 to execute request
14:14:38.625 [main] DEBUG org.apache.http.impl.conn.DefaultClientConnection -- Sending request: POST /api/auth/register HTTP/1.1
14:14:38.625 [main] DEBUG org.apache.http.wire --  >> "POST /api/auth/register HTTP/1.1[\r][\n]"
14:14:38.625 [main] DEBUG org.apache.http.wire --  >> "Accept: */*[\r][\n]"
14:14:38.625 [main] DEBUG org.apache.http.wire --  >> "Content-Type: application/json[\r][\n]"
14:14:38.625 [main] DEBUG org.apache.http.wire --  >> "Content-Length: 67[\r][\n]"
14:14:38.625 [main] DEBUG org.apache.http.wire --  >> "Host: stellarburgers.nomoreparties.site[\r][\n]"
14:14:38.626 [main] DEBUG org.apache.http.wire --  >> "Connection: Keep-Alive[\r][\n]"
14:14:38.626 [main] DEBUG org.apache.http.wire --  >> "User-Agent: Apache-HttpClient/4.5.13 (Java/22.0.1)[\r][\n]"
14:14:38.626 [main] DEBUG org.apache.http.wire --  >> "Accept-Encoding: gzip,deflate[\r][\n]"
14:14:38.626 [main] DEBUG org.apache.http.wire --  >> "[\r][\n]"
14:14:38.626 [main] DEBUG org.apache.http.headers -- >> POST /api/auth/register HTTP/1.1
14:14:38.626 [main] DEBUG org.apache.http.headers -- >> Accept: */*
14:14:38.626 [main] DEBUG org.apache.http.headers -- >> Content-Type: application/json
14:14:38.626 [main] DEBUG org.apache.http.headers -- >> Content-Length: 67
14:14:38.626 [main] DEBUG org.apache.http.headers -- >> Host: stellarburgers.nomoreparties.site
14:14:38.626 [main] DEBUG org.apache.http.headers -- >> Connection: Keep-Alive
14:14:38.626 [main] DEBUG org.apache.http.headers -- >> User-Agent: Apache-HttpClient/4.5.13 (Java/22.0.1)
14:14:38.626 [main] DEBUG org.apache.http.headers -- >> Accept-Encoding: gzip,deflate
14:14:38.626 [main] DEBUG org.apache.http.wire --  >> "{"name":"EcZAcSgFwR","email":"tohxl@lfjd.ru","password":"ig7adlcV"}"
14:14:38.786 [main] DEBUG org.apache.http.wire --  << "HTTP/1.1 200 OK[\r][\n]"
14:14:38.786 [main] DEBUG org.apache.http.wire --  << "Date: Wed, 28 Aug 2024 11:14:39 GMT[\r][\n]"
14:14:38.786 [main] DEBUG org.apache.http.wire --  << "Content-Type: application/json; charset=utf-8[\r][\n]"
14:14:38.786 [main] DEBUG org.apache.http.wire --  << "Transfer-Encoding: chunked[\r][\n]"
14:14:38.786 [main] DEBUG org.apache.http.wire --  << "Connection: keep-alive[\r][\n]"
14:14:38.786 [main] DEBUG org.apache.http.wire --  << "X-Powered-By: Express[\r][\n]"
14:14:38.786 [main] DEBUG org.apache.http.wire --  << "Access-Control-Allow-Origin: *[\r][\n]"
14:14:38.786 [main] DEBUG org.apache.http.wire --  << "authorization: Bearer eyJhbGciOiJIUzI1NiIsInR5cCI6IkpXVCJ9.eyJpZCI6IjY2Y2YwNjlmOWVkMjgwMDAxYjRhMjg2OSIsImlhdCI6MTcyNDg0MzY3OSwiZXhwIjoxNzI0ODQ0ODc5fQ.6RqoK4L-jbkhF3WToXvepxitY3K7igZ-aR2BBPBRzNw[\r][\n]"
14:14:38.786 [main] DEBUG org.apache.http.wire --  << "ETag: W/"16a-8JnZtn8IzF73RWDmyowuOsbsCgA"[\r][\n]"
14:14:38.786 [main] DEBUG org.apache.http.wire --  << "CF-Cache-Status: DYNAMIC[\r][\n]"
14:14:38.786 [main] DEBUG org.apache.http.wire --  << "Report-To: {"endpoints":[{"url":"https:\/\/a.nel.cloudflare.com\/report\/v4?s=%2FGaI1yTW%2Fp6it3pJ%2F7frZPy4%2BJSyUIaQnVyKNkPxG3mbZXshpdzKReoPeAOsOGnkYsREqmhVJCSy3VSARJOCMgoKSfyC0nvOhPFNnsJNNLNA8%2FDeWGNPNkviHGujz%2FsXqBkBVpx%2BgBTJQKTO2O0cZLY84hc%3D"}],"group":"cf-nel","max_age":604800}[\r][\n]"
14:14:38.786 [main] DEBUG org.apache.http.wire --  << "NEL: {"success_fraction":0,"report_to":"cf-nel","max_age":604800}[\r][\n]"
14:14:38.786 [main] DEBUG org.apache.http.wire --  << "Server: cloudflare[\r][\n]"
14:14:38.786 [main] DEBUG org.apache.http.wire --  << "CF-RAY: 8ba3e102c9129f62-AMS[\r][\n]"
14:14:38.786 [main] DEBUG org.apache.http.wire --  << "Content-Encoding: gzip[\r][\n]"
14:14:38.786 [main] DEBUG org.apache.http.wire --  << "alt-svc: h3=":443"; ma=86400[\r][\n]"
14:14:38.786 [main] DEBUG org.apache.http.wire --  << "[\r][\n]"
14:14:38.786 [main] DEBUG org.apache.http.impl.conn.DefaultClientConnection -- Receiving response: HTTP/1.1 200 OK
14:14:38.786 [main] DEBUG org.apache.http.headers -- << HTTP/1.1 200 OK
14:14:38.786 [main] DEBUG org.apache.http.headers -- << Date: Wed, 28 Aug 2024 11:14:39 GMT
14:14:38.786 [main] DEBUG org.apache.http.headers -- << Content-Type: application/json; charset=utf-8
14:14:38.786 [main] DEBUG org.apache.http.headers -- << Transfer-Encoding: chunked
14:14:38.786 [main] DEBUG org.apache.http.headers -- << Connection: keep-alive
14:14:38.786 [main] DEBUG org.apache.http.headers -- << X-Powered-By: Express
14:14:38.786 [main] DEBUG org.apache.http.headers -- << Access-Control-Allow-Origin: *
14:14:38.786 [main] DEBUG org.apache.http.headers -- << authorization: Bearer eyJhbGciOiJIUzI1NiIsInR5cCI6IkpXVCJ9.eyJpZCI6IjY2Y2YwNjlmOWVkMjgwMDAxYjRhMjg2OSIsImlhdCI6MTcyNDg0MzY3OSwiZXhwIjoxNzI0ODQ0ODc5fQ.6RqoK4L-jbkhF3WToXvepxitY3K7igZ-aR2BBPBRzNw
14:14:38.786 [main] DEBUG org.apache.http.headers -- << ETag: W/"16a-8JnZtn8IzF73RWDmyowuOsbsCgA"
14:14:38.786 [main] DEBUG org.apache.http.headers -- << CF-Cache-Status: DYNAMIC
14:14:38.786 [main] DEBUG org.apache.http.headers -- << Report-To: {"endpoints":[{"url":"https:\/\/a.nel.cloudflare.com\/report\/v4?s=%2FGaI1yTW%2Fp6it3pJ%2F7frZPy4%2BJSyUIaQnVyKNkPxG3mbZXshpdzKReoPeAOsOGnkYsREqmhVJCSy3VSARJOCMgoKSfyC0nvOhPFNnsJNNLNA8%2FDeWGNPNkviHGujz%2FsXqBkBVpx%2BgBTJQKTO2O0cZLY84hc%3D"}],"group":"cf-nel","max_age":604800}
14:14:38.786 [main] DEBUG org.apache.http.headers -- << NEL: {"success_fraction":0,"report_to":"cf-nel","max_age":604800}
14:14:38.786 [main] DEBUG org.apache.http.headers -- << Server: cloudflare
14:14:38.786 [main] DEBUG org.apache.http.headers -- << CF-RAY: 8ba3e102c9129f62-AMS
14:14:38.786 [main] DEBUG org.apache.http.headers -- << Content-Encoding: gzip
14:14:38.786 [main] DEBUG org.apache.http.headers -- << alt-svc: h3=":443"; ma=86400
14:14:38.786 [main] DEBUG org.apache.http.impl.client.DefaultHttpClient -- Connection can be kept alive indefinitely
14:14:38.786 [main] DEBUG io.restassured.internal.RestAssuredHttpBuilder -- Parsing response as: application/json; charset=utf-8
14:14:38.786 [main] DEBUG org.apache.http.wire --  << "147[\r][\n]"
14:14:38.786 [main] DEBUG org.apache.http.wire --  << "[0x1f][0x8b][0x8][0x0][0x0][0x0][0x0][0x0][0x0][0x3]4[0xcf][0xcb]n[0x82]@[0x14][0x80][0xe1]Wi[0xce][0x1a][0xcd][0xc]#[0xc3]eU[0x95][0xda][0x8c]-P[0xd1][0xaa][0xb0][0x83][0xe1]p[0x13][0xc5][0x82][0x14][0xd4][0xf8][0xee]M[0x9b]t[0xfb]/[0xbe][0xe4][0xbf]C[0xdb]I[0x89]m[0xb][0xd6][0xa5][0xe9]P[0x81][0xae][0xc5][0x6][0xac];[0xe0]1**[0xb0][0xe0]R[0xe7]C[0xf5]\[0xa5]e2n:P[0xe0][0x14][0x1d][0x11],x[0x91][0xe1]T[0xae][0xb3]E[0xef][0xc3]C[0x81][0xe8][0x8f][0xd8][0xd4][0x7]<[0x81][0x5]3[0x8c][0x1a]l[0x9e][0xf0][0xba][0xcc][0xe3]WYx[0xc5]R|[0xde][0x4]u[0xb][0xd1][0x8a][0x93][0xaf][0xc9][0xb9][0xe0][0xe2]p[0xde]o[0xe7]Ks[0x8c][0xd7][0xe5]9[0xfc][\r]e[0xa0][0x6]j[0xd0][0xbb]eu[0xf4]v[0xdb][0x83]Sf[0xbd]cO[0x87][0xa0][0xf4]s[0xa7][0xcc]To-Zq[0xac][0xf2]d.[0xb8][0xb3][0x91]W[0xd7][0xce][0x88]s[0xb][0x98][0xb7][0xee][0x8b]p[0x9f][0xf7][0xa2][0xac][0x7][0xf7]&[0x88]g[0xaf][0x88]gK-][0x8d][0xb9][0xff]U[0xbf]M[0xde]Ge|[0xc8][0x17]l[0xb7][0xa9][0xf7][0xdf]x[0x1e][0x8a]K[0xc0][0xde][0xf4]"[0xb]G[0x91][0xaf][0xce]f[0x1f]3[0xff][0xe6][0xf6][0xa0]@[0x83]i[0x83]m[0xfe][0xff]`J[0x95]Q[0xae][0xab]1[0xe7][0xba][0xd4][0xc][0x93]Q[0x93]1[0x99]pJ[0xe4][0x84][0x19]$[0x91]Ht[0x9a]L[0xb8][0xc1][0x90]P[0xc2][0x91]$)c*M[0x13][0x83] [0xa1]R[0xe3][0x4][0xa9][0x9e][0x10][0x8d][0xea]<[0x8e][0xc9][0x84][0xc3][0xe3][0x7][0x0][0x0][0xff][0xff][0x3][0x0]P[0xc6]=[0x7]j[0x1][0x0][0x0]"
14:14:38.786 [main] DEBUG org.apache.http.wire --  << "[\r][\n]"
14:14:38.787 [main] DEBUG org.apache.http.wire --  << "0[\r][\n]"
14:14:38.787 [main] DEBUG org.apache.http.wire --  << "[\r][\n]"
14:14:38.787 [main] DEBUG io.restassured.internal.RestAssuredHttpBuilder -- Parsed data to instance of: class org.apache.http.conn.EofSensorInputStream
14:14:40.061 [main] DEBUG org.apache.http.impl.conn.BasicClientConnectionManager -- Get connection for route {s}->https://stellarburgers.nomoreparties.site:443
14:14:40.062 [main] DEBUG org.apache.http.impl.conn.DefaultClientConnectionOperator -- Connecting to stellarburgers.nomoreparties.site:443
14:14:40.356 [main] DEBUG org.apache.http.client.protocol.RequestAddCookies -- CookieSpec selected: ignoreCookies
14:14:40.356 [main] DEBUG org.apache.http.client.protocol.RequestAuthCache -- Auth cache not set in the context
14:14:40.356 [main] DEBUG org.apache.http.client.protocol.RequestTargetAuthentication -- Target auth state: UNCHALLENGED
14:14:40.356 [main] DEBUG org.apache.http.client.protocol.RequestProxyAuthentication -- Proxy auth state: UNCHALLENGED
14:14:40.356 [main] DEBUG org.apache.http.impl.client.DefaultHttpClient -- Attempt 1 to execute request
14:14:40.356 [main] DEBUG org.apache.http.impl.conn.DefaultClientConnection -- Sending request: POST /api/auth/login HTTP/1.1
14:14:40.356 [main] DEBUG org.apache.http.wire --  >> "POST /api/auth/login HTTP/1.1[\r][\n]"
14:14:40.356 [main] DEBUG org.apache.http.wire --  >> "Accept: */*[\r][\n]"
14:14:40.356 [main] DEBUG org.apache.http.wire --  >> "Content-Type: application/json[\r][\n]"
14:14:40.356 [main] DEBUG org.apache.http.wire --  >> "Content-Length: 67[\r][\n]"
14:14:40.356 [main] DEBUG org.apache.http.wire --  >> "Host: stellarburgers.nomoreparties.site[\r][\n]"
14:14:40.356 [main] DEBUG org.apache.http.wire --  >> "Connection: Keep-Alive[\r][\n]"
14:14:40.356 [main] DEBUG org.apache.http.wire --  >> "User-Agent: Apache-HttpClient/4.5.13 (Java/22.0.1)[\r][\n]"
14:14:40.356 [main] DEBUG org.apache.http.wire --  >> "Accept-Encoding: gzip,deflate[\r][\n]"
14:14:40.356 [main] DEBUG org.apache.http.wire --  >> "[\r][\n]"
14:14:40.356 [main] DEBUG org.apache.http.headers -- >> POST /api/auth/login HTTP/1.1
14:14:40.356 [main] DEBUG org.apache.http.headers -- >> Accept: */*
14:14:40.356 [main] DEBUG org.apache.http.headers -- >> Content-Type: application/json
14:14:40.356 [main] DEBUG org.apache.http.headers -- >> Content-Length: 67
14:14:40.356 [main] DEBUG org.apache.http.headers -- >> Host: stellarburgers.nomoreparties.site
14:14:40.356 [main] DEBUG org.apache.http.headers -- >> Connection: Keep-Alive
14:14:40.356 [main] DEBUG org.apache.http.headers -- >> User-Agent: Apache-HttpClient/4.5.13 (Java/22.0.1)
14:14:40.356 [main] DEBUG org.apache.http.headers -- >> Accept-Encoding: gzip,deflate
14:14:40.356 [main] DEBUG org.apache.http.wire --  >> "{"name":"EcZAcSgFwR","email":"tohxl@lfjd.ru","password":"ig7adlcV"}"
14:14:40.587 [main] DEBUG org.apache.http.wire --  << "HTTP/1.1 200 OK[\r][\n]"
14:14:40.587 [main] DEBUG org.apache.http.wire --  << "Date: Wed, 28 Aug 2024 11:14:41 GMT[\r][\n]"
14:14:40.587 [main] DEBUG org.apache.http.wire --  << "Content-Type: application/json; charset=utf-8[\r][\n]"
14:14:40.587 [main] DEBUG org.apache.http.wire --  << "Transfer-Encoding: chunked[\r][\n]"
14:14:40.587 [main] DEBUG org.apache.http.wire --  << "Connection: keep-alive[\r][\n]"
14:14:40.587 [main] DEBUG org.apache.http.wire --  << "X-Powered-By: Express[\r][\n]"
14:14:40.587 [main] DEBUG org.apache.http.wire --  << "Access-Control-Allow-Origin: *[\r][\n]"
14:14:40.587 [main] DEBUG org.apache.http.wire --  << "ETag: W/"16a-tWsN8J+xHaBpIX7JrAZpLz4dEbw"[\r][\n]"
14:14:40.587 [main] DEBUG org.apache.http.wire --  << "CF-Cache-Status: DYNAMIC[\r][\n]"
14:14:40.587 [main] DEBUG org.apache.http.wire --  << "Report-To: {"endpoints":[{"url":"https:\/\/a.nel.cloudflare.com\/report\/v4?s=d4K6U60nRsZ0oPo%2BTppy7EeSrPlqiE2T3Qk70YJFCNcGEcfPno09Mo%2Bqo3Bwu96urFDpzGjr6UVR40Z%2BHsiO3aYIok7HEEUur%2BcEJjjXf3l7X7hWSOyZR27uz7wazWfXp4KldkHM5l3xIklVS6c3%2B0dZZsQ%3D"}],"group":"cf-nel","max_age":604800}[\r][\n]"
14:14:40.587 [main] DEBUG org.apache.http.wire --  << "NEL: {"success_fraction":0,"report_to":"cf-nel","max_age":604800}[\r][\n]"
14:14:40.587 [main] DEBUG org.apache.http.wire --  << "Server: cloudflare[\r][\n]"
14:14:40.587 [main] DEBUG org.apache.http.wire --  << "CF-RAY: 8ba3e10df9e9d40d-FRA[\r][\n]"
14:14:40.587 [main] DEBUG org.apache.http.wire --  << "Content-Encoding: gzip[\r][\n]"
14:14:40.587 [main] DEBUG org.apache.http.wire --  << "alt-svc: h3=":443"; ma=86400[\r][\n]"
14:14:40.587 [main] DEBUG org.apache.http.wire --  << "[\r][\n]"
14:14:40.587 [main] DEBUG org.apache.http.impl.conn.DefaultClientConnection -- Receiving response: HTTP/1.1 200 OK
14:14:40.587 [main] DEBUG org.apache.http.headers -- << HTTP/1.1 200 OK
14:14:40.587 [main] DEBUG org.apache.http.headers -- << Date: Wed, 28 Aug 2024 11:14:41 GMT
14:14:40.587 [main] DEBUG org.apache.http.headers -- << Content-Type: application/json; charset=utf-8
14:14:40.587 [main] DEBUG org.apache.http.headers -- << Transfer-Encoding: chunked
14:14:40.587 [main] DEBUG org.apache.http.headers -- << Connection: keep-alive
14:14:40.587 [main] DEBUG org.apache.http.headers -- << X-Powered-By: Express
14:14:40.587 [main] DEBUG org.apache.http.headers -- << Access-Control-Allow-Origin: *
14:14:40.587 [main] DEBUG org.apache.http.headers -- << ETag: W/"16a-tWsN8J+xHaBpIX7JrAZpLz4dEbw"
14:14:40.587 [main] DEBUG org.apache.http.headers -- << CF-Cache-Status: DYNAMIC
14:14:40.587 [main] DEBUG org.apache.http.headers -- << Report-To: {"endpoints":[{"url":"https:\/\/a.nel.cloudflare.com\/report\/v4?s=d4K6U60nRsZ0oPo%2BTppy7EeSrPlqiE2T3Qk70YJFCNcGEcfPno09Mo%2Bqo3Bwu96urFDpzGjr6UVR40Z%2BHsiO3aYIok7HEEUur%2BcEJjjXf3l7X7hWSOyZR27uz7wazWfXp4KldkHM5l3xIklVS6c3%2B0dZZsQ%3D"}],"group":"cf-nel","max_age":604800}
14:14:40.587 [main] DEBUG org.apache.http.headers -- << NEL: {"success_fraction":0,"report_to":"cf-nel","max_age":604800}
14:14:40.587 [main] DEBUG org.apache.http.headers -- << Server: cloudflare
14:14:40.587 [main] DEBUG org.apache.http.headers -- << CF-RAY: 8ba3e10df9e9d40d-FRA
14:14:40.587 [main] DEBUG org.apache.http.headers -- << Content-Encoding: gzip
14:14:40.587 [main] DEBUG org.apache.http.headers -- << alt-svc: h3=":443"; ma=86400
14:14:40.587 [main] DEBUG org.apache.http.impl.client.DefaultHttpClient -- Connection can be kept alive indefinitely
14:14:40.587 [main] DEBUG io.restassured.internal.RestAssuredHttpBuilder -- Parsing response as: application/json; charset=utf-8
14:14:40.587 [main] DEBUG org.apache.http.wire --  << "144[\r][\n]"
14:14:40.587 [main] DEBUG org.apache.http.wire --  << "[0x1f][0x8b][0x8][0x0][0x0][0x0][0x0][0x0][0x0][0x3]4[0xcf][0xcb]n[0x82]@[0x18]@[0xe1]Wi[0xfe]5[0x9a]a[0xb8][0xd8]aU[0x95][0xd6][0xe][\r][0x12][0xaf][0x15]w[0xc3][0xdc][0x0][0x1][\r]S[\n]"
14:14:40.587 [main] DEBUG org.apache.http.wire --  << "j|[0xf7][0xa6]M[0xba]<[0xdf][0xee][0xdc][0xc1]t[0x9c]Kc [0xf8]j;i[0x1][0xfb][0xab][0xed][0xf9]$[0x1b][0x8]`&Y+[0xdb]'y[0x8d][0xf2]l[0xc1][0x8b][0xa4][0x88][0xe8][0xee]F[0xed]eA[\r]m[0xd6][0x1e][0x9f]S[0x9f][0x9e].[0x87][0xfd]<"cy[0x8d].[0xc7]_(S[0x9c][0xe2][0xb4]_[0x96]U[0x9d]|[0xee]Oq[0xa9][0xfb]8[0x9c][0xe]i[0xb9][0xce][0xe3]R[0xe3]dC[\r][0xad][0xab]\[0xcc][0xa9][0x1f]o[0xf9]u[0x19]j[0x14][0xdf]R7[0xde][0xf4][0xc5][0xf1][0x90][0xf7][0xb4]<[0xf][0xcb][0x1b]EI[0xb8]BI[0xa8][0x7][0xb5][0x1a][0xab]t%jRx{[0xff][0xbd]o[0x9b][0xe1]0[0xd3][0x1f][0xb][0xae][0xbd][0xcb]([0xdc]fS[0xbd][0x1b][0x19][0xa9][0x1d][0x84][0xe6][0xdf](3`A+U+M[0xfe][0xff][0xc0][0xb1]D[0xe]V[0xae]r\[0xdf][0x16]X)[0x89][0x14][0xb1][0x95][0xe3]0[0x84][0x84][0xcd]|[0xc7]%[0x82][0xb8][0xd9][0xe4][0x99]a[0xcf][0xe3]Br[0xdb][0xf6]2L<[0xc5]|[0xa2][0x1c]ED[0x86]3A[0x18][0x9a]`W0[0xa2][0xc0][0x82][0xce][0xc8][0x16][0x82];[0xc8][0x9a][0x15][0x15][0x4][0xf0]u[0xce][0x87][0xea][0xa5]R[0xa5][0x18][0xb7][0x1d]X[0xd0][0xb0]ZB[0x0][0xaf][0xfc]8[0xe5][0x1b][0xfd][0xd6][0xaf][0xe1][0xf1][0xf8][0x1][0x0][0x0][0xff][0xff][0x3][0x0][0x19] mnj[0x1][0x0][0x0]"
14:14:40.587 [main] DEBUG org.apache.http.wire --  << "[\r][\n]"
14:14:40.587 [main] DEBUG org.apache.http.wire --  << "0[\r][\n]"
14:14:40.587 [main] DEBUG org.apache.http.wire --  << "[\r][\n]"
14:14:40.587 [main] DEBUG io.restassured.internal.RestAssuredHttpBuilder -- Parsed data to instance of: class org.apache.http.conn.EofSensorInputStream
14:14:40.588 [main] DEBUG org.apache.http.impl.conn.BasicClientConnectionManager -- Releasing connection org.apache.http.impl.conn.ManagedClientConnectionImpl@5aeb2c8a
14:14:40.588 [main] DEBUG org.apache.http.impl.conn.BasicClientConnectionManager -- Connection can be kept alive indefinitely
14:14:40.610 [main] DEBUG org.apache.http.impl.conn.BasicClientConnectionManager -- Get connection for route {s}->https://stellarburgers.nomoreparties.site:443
14:14:40.610 [main] DEBUG org.apache.http.impl.conn.DefaultClientConnectionOperator -- Connecting to stellarburgers.nomoreparties.site:443
14:14:40.719 [main] DEBUG org.apache.http.client.protocol.RequestAddCookies -- CookieSpec selected: ignoreCookies
14:14:40.719 [main] DEBUG org.apache.http.client.protocol.RequestAuthCache -- Auth cache not set in the context
14:14:40.719 [main] DEBUG org.apache.http.client.protocol.RequestProxyAuthentication -- Proxy auth state: UNCHALLENGED
14:14:40.719 [main] DEBUG org.apache.http.impl.client.DefaultHttpClient -- Attempt 1 to execute request
14:14:40.719 [main] DEBUG org.apache.http.impl.conn.DefaultClientConnection -- Sending request: DELETE /api/auth/user HTTP/1.1
14:14:40.719 [main] DEBUG org.apache.http.wire --  >> "DELETE /api/auth/user HTTP/1.1[\r][\n]"
14:14:40.719 [main] DEBUG org.apache.http.wire --  >> "Authorization: Bearer eyJhbGciOiJIUzI1NiIsInR5cCI6IkpXVCJ9.eyJpZCI6IjY2Y2YwNjlmOWVkMjgwMDAxYjRhMjg2OSIsImlhdCI6MTcyNDg0MzY4MSwiZXhwIjoxNzI0ODQ0ODgxfQ.fYQdm9i5V6HwrnxXBgKGcg5p-DTbAgU-seg300Cv0bs[\r][\n]"
14:14:40.719 [main] DEBUG org.apache.http.wire --  >> "Accept: */*[\r][\n]"
14:14:40.719 [main] DEBUG org.apache.http.wire --  >> "Content-Type: application/json[\r][\n]"
14:14:40.719 [main] DEBUG org.apache.http.wire --  >> "Content-Length: 67[\r][\n]"
14:14:40.719 [main] DEBUG org.apache.http.wire --  >> "Host: stellarburgers.nomoreparties.site[\r][\n]"
14:14:40.719 [main] DEBUG org.apache.http.wire --  >> "Connection: Keep-Alive[\r][\n]"
14:14:40.719 [main] DEBUG org.apache.http.wire --  >> "User-Agent: Apache-HttpClient/4.5.13 (Java/22.0.1)[\r][\n]"
14:14:40.719 [main] DEBUG org.apache.http.wire --  >> "Accept-Encoding: gzip,deflate[\r][\n]"
14:14:40.719 [main] DEBUG org.apache.http.wire --  >> "[\r][\n]"
14:14:40.719 [main] DEBUG org.apache.http.headers -- >> DELETE /api/auth/user HTTP/1.1
14:14:40.719 [main] DEBUG org.apache.http.headers -- >> Authorization: Bearer eyJhbGciOiJIUzI1NiIsInR5cCI6IkpXVCJ9.eyJpZCI6IjY2Y2YwNjlmOWVkMjgwMDAxYjRhMjg2OSIsImlhdCI6MTcyNDg0MzY4MSwiZXhwIjoxNzI0ODQ0ODgxfQ.fYQdm9i5V6HwrnxXBgKGcg5p-DTbAgU-seg300Cv0bs
14:14:40.719 [main] DEBUG org.apache.http.headers -- >> Accept: */*
14:14:40.719 [main] DEBUG org.apache.http.headers -- >> Content-Type: application/json
14:14:40.719 [main] DEBUG org.apache.http.headers -- >> Content-Length: 67
14:14:40.719 [main] DEBUG org.apache.http.headers -- >> Host: stellarburgers.nomoreparties.site
14:14:40.719 [main] DEBUG org.apache.http.headers -- >> Connection: Keep-Alive
14:14:40.719 [main] DEBUG org.apache.http.headers -- >> User-Agent: Apache-HttpClient/4.5.13 (Java/22.0.1)
14:14:40.719 [main] DEBUG org.apache.http.headers -- >> Accept-Encoding: gzip,deflate
14:14:40.719 [main] DEBUG org.apache.http.wire --  >> "{"name":"EcZAcSgFwR","email":"tohxl@lfjd.ru","password":"ig7adlcV"}"
14:14:41.198 [main] DEBUG org.apache.http.wire --  << "HTTP/1.1 202 Accepted[\r][\n]"
14:14:41.198 [main] DEBUG org.apache.http.wire --  << "Date: Wed, 28 Aug 2024 11:14:41 GMT[\r][\n]"
14:14:41.198 [main] DEBUG org.apache.http.wire --  << "Content-Type: application/json; charset=utf-8[\r][\n]"
14:14:41.198 [main] DEBUG org.apache.http.wire --  << "Content-Length: 54[\r][\n]"
14:14:41.198 [main] DEBUG org.apache.http.wire --  << "Connection: keep-alive[\r][\n]"
14:14:41.198 [main] DEBUG org.apache.http.wire --  << "X-Powered-By: Express[\r][\n]"
14:14:41.198 [main] DEBUG org.apache.http.wire --  << "Access-Control-Allow-Origin: *[\r][\n]"
14:14:41.198 [main] DEBUG org.apache.http.wire --  << "ETag: W/"36-hDmZnQ3Ou/ynnqAeC6TYmyseuzY"[\r][\n]"
14:14:41.198 [main] DEBUG org.apache.http.wire --  << "CF-Cache-Status: DYNAMIC[\r][\n]"
14:14:41.198 [main] DEBUG org.apache.http.wire --  << "Report-To: {"endpoints":[{"url":"https:\/\/a.nel.cloudflare.com\/report\/v4?s=wvOykdvm9XbHEQnf5BoYFGWtCwfkcSZZqRaSaRLBOZzTp5kLafg65a10ydzO0U1I5wnzBJJNXWJ9X4%2BikcQKWzrIYgJAJDvyXObWwJEM%2BWFbsqALzBrQ%2FqWrANNeA7x4fXC2YZzTyMlzPd9piMTcuDuuM6E%3D"}],"group":"cf-nel","max_age":604800}[\r][\n]"
14:14:41.198 [main] DEBUG org.apache.http.wire --  << "NEL: {"success_fraction":0,"report_to":"cf-nel","max_age":604800}[\r][\n]"
14:14:41.198 [main] DEBUG org.apache.http.wire --  << "Server: cloudflare[\r][\n]"
14:14:41.198 [main] DEBUG org.apache.http.wire --  << "CF-RAY: 8ba3e10fdde9bb73-FRA[\r][\n]"
14:14:41.198 [main] DEBUG org.apache.http.wire --  << "alt-svc: h3=":443"; ma=86400[\r][\n]"
14:14:41.198 [main] DEBUG org.apache.http.wire --  << "[\r][\n]"
14:14:41.198 [main] DEBUG org.apache.http.impl.conn.DefaultClientConnection -- Receiving response: HTTP/1.1 202 Accepted
14:14:41.198 [main] DEBUG org.apache.http.headers -- << HTTP/1.1 202 Accepted
14:14:41.198 [main] DEBUG org.apache.http.headers -- << Date: Wed, 28 Aug 2024 11:14:41 GMT
14:14:41.198 [main] DEBUG org.apache.http.headers -- << Content-Type: application/json; charset=utf-8
14:14:41.198 [main] DEBUG org.apache.http.headers -- << Content-Length: 54
14:14:41.198 [main] DEBUG org.apache.http.headers -- << Connection: keep-alive
14:14:41.198 [main] DEBUG org.apache.http.headers -- << X-Powered-By: Express
14:14:41.198 [main] DEBUG org.apache.http.headers -- << Access-Control-Allow-Origin: *
14:14:41.198 [main] DEBUG org.apache.http.headers -- << ETag: W/"36-hDmZnQ3Ou/ynnqAeC6TYmyseuzY"
14:14:41.198 [main] DEBUG org.apache.http.headers -- << CF-Cache-Status: DYNAMIC
14:14:41.198 [main] DEBUG org.apache.http.headers -- << Report-To: {"endpoints":[{"url":"https:\/\/a.nel.cloudflare.com\/report\/v4?s=wvOykdvm9XbHEQnf5BoYFGWtCwfkcSZZqRaSaRLBOZzTp5kLafg65a10ydzO0U1I5wnzBJJNXWJ9X4%2BikcQKWzrIYgJAJDvyXObWwJEM%2BWFbsqALzBrQ%2FqWrANNeA7x4fXC2YZzTyMlzPd9piMTcuDuuM6E%3D"}],"group":"cf-nel","max_age":604800}
14:14:41.198 [main] DEBUG org.apache.http.headers -- << NEL: {"success_fraction":0,"report_to":"cf-nel","max_age":604800}
14:14:41.198 [main] DEBUG org.apache.http.headers -- << Server: cloudflare
14:14:41.198 [main] DEBUG org.apache.http.headers -- << CF-RAY: 8ba3e10fdde9bb73-FRA
14:14:41.198 [main] DEBUG org.apache.http.headers -- << alt-svc: h3=":443"; ma=86400
14:14:41.199 [main] DEBUG org.apache.http.impl.client.DefaultHttpClient -- Connection can be kept alive indefinitely
14:14:41.199 [main] DEBUG io.restassured.internal.RestAssuredHttpBuilder -- Parsing response as: application/json; charset=utf-8
14:14:41.199 [main] DEBUG io.restassured.internal.RestAssuredHttpBuilder -- Parsed data to instance of: class org.apache.http.conn.EofSensorInputStream
]]></system-out>
    <system-err><![CDATA[авг. 28, 2024 2:14:36 PM org.openqa.selenium.devtools.CdpVersionFinder findNearestMatch
WARNING: Unable to find an exact match for CDP version 128, returning the closest version; found: 126; Please update to a Selenium version that supports CDP version 128
]]></system-err>
  </testcase>
</testsuite>